<?xml version="1.0" encoding="utf-8"?><testsuites name="pytest tests"><testsuite name="pytest" errors="0" failures="0" skipped="0" tests="43" time="18.403" timestamp="2026-09-16T15:37:12.851240+00:00" hostname="a100-41"><testcase classname="tests.test_runtime_lease_publication" name="test_default_lease_completes_and_charges_original_envelope" time="0.565" /><testcase classname="tests.test_runtime_lease_publication" name="test_short_lease_autonomously_closes_term_zero_and_escaped_child_without_parent_poll" time="1.858" /><testcase classname="tests.test_runtime_lease_publication" name="test_natural_closure_then_slow_artifact_preparation_expires_without_fake_stop" time="1.847" /><testcase classname="tests.test_runtime_lease_publication" name="test_expiry_after_actual_registration_retains_prepared_effect_without_second_terminal" time="1.914" /><testcase classname="tests.test_runtime_lease_publication" name="test_actual_publication_response_after_deadline_holds_and_fresh_f_cannot_settle[commit]" time="1.920" /><testcase classname="tests.test_runtime_lease_publication" name="test_actual_publication_response_after_deadline_holds_and_fresh_f_cannot_settle[confirm]" time="1.964" /><testcase classname="tests.test_runtime_lease_publication" name="test_owned_supervisor_loss_after_go_remains_hold_after_expiry_and_fresh_claim" time="1.935" /><testcase classname="tests.test_runtime_lease_recovery" name="test_historical_metadata_classifies_expiry_without_current_host_or_clock[authorized]" time="0.001" /><testcase classname="tests.test_runtime_lease_recovery" name="test_historical_metadata_classifies_expiry_without_current_host_or_clock[supervisor_expired]" time="0.001" /><testcase classname="tests.test_runtime_lease_recovery" name="test_historical_metadata_classifies_expiry_without_current_host_or_clock[interpret_expired]" time="0.001" /><testcase classname="tests.test_runtime_lease_recovery" name="test_typed_metadata_rejects_invalid_or_inverted_provenance[lease-schema-True]" time="0.001" /><testcase classname="tests.test_runtime_lease_recovery" name="test_typed_metadata_rejects_invalid_or_inverted_provenance[lease-issued_ns-10.0]" time="0.001" /><testcase classname="tests.test_runtime_lease_recovery" name="test_typed_metadata_rejects_invalid_or_inverted_provenance[lease-deadline_ns-True]" time="0.001" /><testcase classname="tests.test_runtime_lease_recovery" name="test_typed_metadata_rejects_invalid_or_inverted_provenance[lease-deadline_ns-9223372036854775808]" time="0.001" /><testcase classname="tests.test_runtime_lease_recovery" name="test_typed_metadata_rejects_invalid_or_inverted_provenance[lease-clock-CLOCK_MONOTONIC]" time="0.001" /><testcase classname="tests.test_runtime_lease_recovery" name="test_typed_metadata_rejects_invalid_or_inverted_provenance[lease-unexpected-1]" time="0.001" /><testcase classname="tests.test_runtime_lease_recovery" name="test_typed_metadata_rejects_invalid_or_inverted_provenance[ready-schema-True]" time="0.001" /><testcase classname="tests.test_runtime_lease_recovery" name="test_typed_metadata_rejects_invalid_or_inverted_provenance[ready-protocol-orze.linux_subreaper.v1]" time="0.001" /><testcase classname="tests.test_runtime_lease_recovery" name="test_typed_metadata_rejects_invalid_or_inverted_provenance[closure-lease_expired-1]" time="0.001" /><testcase classname="tests.test_runtime_lease_recovery" name="test_typed_metadata_rejects_invalid_or_inverted_provenance[closure-lease_observed_ns-12.0]" time="0.001" /><testcase classname="tests.test_runtime_lease_recovery" name="test_typed_metadata_rejects_invalid_or_inverted_provenance[closure-lease_expired-True]" time="0.001" /><testcase classname="tests.test_runtime_lease_recovery" name="test_typed_metadata_rejects_invalid_or_inverted_provenance[sample-schema-True]" time="0.001" /><testcase classname="tests.test_runtime_lease_recovery" name="test_typed_metadata_rejects_invalid_or_inverted_provenance[sample-observed_ns-True]" time="0.001" /><testcase classname="tests.test_runtime_lease_recovery" name="test_typed_metadata_rejects_invalid_or_inverted_provenance[sample-observed_ns-11]" time="0.001" /><testcase classname="tests.test_runtime_lease_recovery" name="test_typed_metadata_rejects_invalid_or_inverted_provenance[sample-observed_ns-20]" time="0.001" /><testcase classname="tests.test_runtime_lease_recovery" name="test_typed_metadata_rejects_invalid_or_inverted_provenance[sample-status-expired]" time="0.001" /><testcase classname="tests.test_runtime_lease_recovery" name="test_typed_metadata_rejects_invalid_or_inverted_provenance[sample-unexpected-None]" time="0.001" /><testcase classname="tests.test_runtime_lease_recovery" name="test_typed_metadata_rejects_invalid_or_inverted_provenance[terminal-unexpected-even-if-an-effect-plan-repeats-this]" time="0.001" /><testcase classname="tests.test_runtime_lease_recovery" name="test_typed_metadata_rejects_invalid_or_inverted_provenance[terminal-elapsed_wall_seconds-True]" time="0.001" /><testcase classname="tests.test_runtime_lease_recovery" name="test_typed_metadata_rejects_invalid_or_inverted_provenance[terminal-elapsed_wall_seconds-inf]" time="0.001" /><testcase classname="tests.test_runtime_lease_recovery" name="test_typed_metadata_rejects_invalid_or_inverted_provenance[terminal-lifecycle_phase-training]" time="0.001" /><testcase classname="tests.test_runtime_lease_recovery" name="test_typed_metadata_rejects_invalid_or_inverted_provenance[bound-timeout_seconds-1e-09]" time="0.001" /><testcase classname="tests.test_runtime_lease_recovery" name="test_expiry_cannot_claim_normal_outcome_or_publish_results[outcome-completed]" time="0.001" /><testcase classname="tests.test_runtime_lease_recovery" name="test_expiry_cannot_claim_normal_outcome_or_publish_results[reason_code-cpu_action_interrupted]" time="0.001" /><testcase classname="tests.test_runtime_lease_recovery" name="test_expiry_cannot_claim_normal_outcome_or_publish_results[artifact_ids-value2]" time="0.001" /><testcase classname="tests.test_runtime_lease_recovery" name="test_expiry_cannot_claim_normal_outcome_or_publish_results[observation_ids-value3]" time="0.001" /><testcase classname="tests.test_runtime_lease_recovery" name="test_missing_sample_or_new_lease_with_old_protocol_is_not_legacy_compatibility" time="0.001" /><testcase classname="tests.test_runtime_lease_recovery" name="test_historical_envelope_uses_the_same_exact_float_floor_as_lease_capture" time="0.001" /><testcase classname="tests.test_runtime_lease_recovery" name="test_genuine_no_exec_explicit_settlement_keeps_v1_but_refuses_new_lease[False]" time="0.262" /><testcase classname="tests.test_runtime_lease_recovery" name="test_genuine_no_exec_explicit_settlement_keeps_v1_but_refuses_new_lease[True]" time="0.250" /><testcase classname="tests.test_runtime_lease_recovery" name="test_real_v2_confirmed_terminal_crash_recovers_metadata_only[0]" time="1.867" /><testcase classname="tests.test_runtime_lease_recovery" name="test_real_v2_confirmed_terminal_crash_recovers_metadata_only[7]" time="1.826" /><testcase classname="tests.test_runtime_lease_recovery" name="test_real_historical_v1_terminal_recovers_without_upgrade_or_reexecution" time="1.856" /></testsuite></testsuites>