<?xml version="1.0" encoding="utf-8"?><testsuites name="pytest tests"><testsuite name="pytest" errors="0" failures="0" skipped="0" tests="141" time="82.871" timestamp="2026-09-14T03:36:35.983484+00:00" hostname="a100-41"><testcase classname="tests.test_cpu_budget_scan" name="test_totals_uses_one_select_for_all_validated_rows[2]" time="0.154" /><testcase classname="tests.test_cpu_budget_scan" name="test_totals_uses_one_select_for_all_validated_rows[100]" time="1.021" /><testcase classname="tests.test_cpu_budget_scan" name="test_all_three_states_preserve_point_row_shape_and_active_slots" time="0.151" /><testcase classname="tests.test_cpu_budget_scan" name="test_totals_keeps_python_integer_charge_and_filters_other_scope" time="0.150" /><testcase classname="tests.test_cpu_budget_scan" name="test_scan_keeps_existing_row_rejections[canonical]" time="0.144" /><testcase classname="tests.test_cpu_budget_scan" name="test_scan_keeps_existing_row_rejections[reference_task]" time="0.146" /><testcase classname="tests.test_cpu_budget_scan" name="test_scan_keeps_existing_row_rejections[terminal_marker]" time="0.150" /><testcase classname="tests.test_cpu_budget_scan" name="test_sql_reservation_id_is_not_replaced_by_permit_identity" time="0.145" /><testcase classname="tests.test_cpu_action_budget" name="test_legal_peer_after_commit_does_not_invalidate_own_reservation" time="0.152" /><testcase classname="tests.test_cpu_action_budget" name="test_initialize_is_idempotent_but_cannot_reset_same_scope_limits" time="0.145" /><testcase classname="tests.test_cpu_action_budget" name="test_declaration_rejects_nonexact_or_nonfinite_without_mutating[version-True]" time="0.128" /><testcase classname="tests.test_cpu_action_budget" name="test_declaration_rejects_nonexact_or_nonfinite_without_mutating[resource-gpu]" time="0.142" /><testcase classname="tests.test_cpu_action_budget" name="test_declaration_rejects_nonexact_or_nonfinite_without_mutating[slots-True]" time="0.152" /><testcase classname="tests.test_cpu_action_budget" name="test_declaration_rejects_nonexact_or_nonfinite_without_mutating[slots-65]" time="0.168" /><testcase classname="tests.test_cpu_action_budget" name="test_declaration_rejects_nonexact_or_nonfinite_without_mutating[wall_budget_seconds-nan]" time="0.153" /><testcase classname="tests.test_cpu_action_budget" name="test_declaration_rejects_nonexact_or_nonfinite_without_mutating[wall_budget_seconds-inf]" time="0.148" /><testcase classname="tests.test_cpu_action_budget" name="test_declaration_rejects_nonexact_or_nonfinite_without_mutating[wall_budget_seconds-False]" time="0.158" /><testcase classname="tests.test_cpu_action_budget" name="test_begin_immediate_concurrent_admission_has_one_available_slot" time="0.155" /><testcase classname="tests.test_cpu_action_budget" name="test_insufficient_budget_and_slot_wait_have_zero_admission_effects" time="0.152" /><testcase classname="tests.test_cpu_action_budget" name="test_wait_is_a_decision_without_debit_and_stop_is_sticky" time="0.170" /><testcase classname="tests.test_cpu_action_budget" name="test_bind_full_reference_and_settle_no_exec_release_slot_without_refund" time="0.312" /><testcase classname="tests.test_cpu_action_budget" name="test_unconfirmed_or_changed_terminal_never_releases_slot" time="0.269" /><testcase classname="tests.test_cpu_action_budget" name="test_permit_metadata_cannot_reassign_another_task" time="0.140" /><testcase classname="tests.test_cpu_action_budget" name="test_public_api_refuses_caller_transaction_without_committing_it" time="0.128" /><testcase classname="tests.test_cpu_action_budget" name="test_silent_commit_rollback_holds_instead_of_granting_or_releasing[False]" time="0.139" /><testcase classname="tests.test_cpu_action_budget" name="test_silent_commit_rollback_holds_instead_of_granting_or_releasing[True]" time="0.265" /><testcase classname="tests.test_cpu_action_budget" name="test_reader_closes_independent_connection_even_on_validation_failure" time="0.136" /><testcase classname="tests.test_cpu_continuous_execution" name="test_v2_configuration_is_explicit_detached_and_pinned" time="0.001" /><testcase classname="tests.test_cpu_continuous_execution" name="test_invalid_opt_in_rejected_by_config_and_budget_without_rows[1-None]" time="0.113" /><testcase classname="tests.test_cpu_continuous_execution" name="test_invalid_opt_in_rejected_by_config_and_budget_without_rows[1-inf]" time="0.114" /><testcase classname="tests.test_cpu_continuous_execution" name="test_invalid_opt_in_rejected_by_config_and_budget_without_rows[2-10]" time="0.114" /><testcase classname="tests.test_cpu_continuous_execution" name="test_invalid_opt_in_rejected_by_config_and_budget_without_rows[2-10000000000000000000000000000000000000000000000000000000000000000000000000000000000000000000000000000]" time="0.115" /><testcase classname="tests.test_cpu_continuous_execution" name="test_invalid_opt_in_rejected_by_config_and_budget_without_rows[2-inf]" time="0.119" /><testcase classname="tests.test_cpu_continuous_execution" name="test_invalid_opt_in_rejected_by_config_and_budget_without_rows[2-nan]" time="0.124" /><testcase classname="tests.test_cpu_continuous_execution" name="test_invalid_opt_in_rejected_by_config_and_budget_without_rows[True-None]" time="0.114" /><testcase classname="tests.test_cpu_continuous_execution" name="test_invalid_opt_in_rejected_by_config_and_budget_without_rows[2.0-None]" time="0.114" /><testcase classname="tests.test_cpu_continuous_execution" name="test_v1_finite_envelope_still_exhausts" time="0.141" /><testcase classname="tests.test_cpu_continuous_execution" name="test_continuous_settlement_preserves_charge_and_restart_identity" time="0.460" /><testcase classname="tests.test_cpu_continuous_execution" name="test_continuous_action_still_needs_finite_positive_timeout[None]" time="0.129" /><testcase classname="tests.test_cpu_continuous_execution" name="test_continuous_action_still_needs_finite_positive_timeout[True]" time="0.131" /><testcase classname="tests.test_cpu_continuous_execution" name="test_continuous_action_still_needs_finite_positive_timeout[0]" time="0.128" /><testcase classname="tests.test_cpu_continuous_execution" name="test_continuous_action_still_needs_finite_positive_timeout[-1]" time="0.129" /><testcase classname="tests.test_cpu_continuous_execution" name="test_continuous_action_still_needs_finite_positive_timeout[inf]" time="0.129" /><testcase classname="tests.test_cpu_continuous_execution" name="test_continuous_action_still_needs_finite_positive_timeout[nan]" time="0.129" /><testcase classname="tests.test_cpu_continuous_execution" name="test_runtime_lease_cannot_exceed_finite_action_timeout" time="0.001" /><testcase classname="tests.test_cpu_continuous_execution" name="test_continuous_stop_blocks_new_go_but_allows_confirmed_settlement" time="0.284" /><testcase classname="tests.test_cpu_continuous_execution" name="test_continuous_recovery_never_adopts_reserved_work" time="0.142" /><testcase classname="tests.test_cpu_continuous_execution" name="test_same_scope_cannot_change_authorization_mode[1]" time="0.140" /><testcase classname="tests.test_cpu_continuous_execution" name="test_same_scope_cannot_change_authorization_mode[2]" time="0.154" /><testcase classname="tests.test_cpu_continuous_execution" name="test_continuous_parallel_reservations_still_share_one_slot" time="0.154" /><testcase classname="tests.test_cpu_continuous_execution" name="test_continuous_unknown_commit_does_not_grant_a_permit" time="0.139" /><testcase classname="tests.test_cpu_continuous_execution" name="test_queue_policy_separates_continuous_authorization_from_slot_and_stop[None-1-0-False-Execute-None]" time="0.001" /><testcase classname="tests.test_cpu_continuous_execution" name="test_queue_policy_separates_continuous_authorization_from_slot_and_stop[None-0-1-False-Wait-cpu_resource_or_budget_unavailable]" time="0.001" /><testcase classname="tests.test_cpu_continuous_execution" name="test_queue_policy_separates_continuous_authorization_from_slot_and_stop[None-1-0-True-Stop-scope_stopped]" time="0.001" /><testcase classname="tests.test_cpu_continuous_execution" name="test_queue_policy_separates_continuous_authorization_from_slot_and_stop[0-1-0-False-Stop-wall_envelope_exhausted]" time="0.001" /><testcase classname="tests.test_research_pause_review" name="test_peer_reservation_after_policy_check_prevents_recording_pause" time="0.155" /><testcase classname="tests.test_research_pause_review" name="test_writer_quiescence_check_is_fenced_but_postcommit_peer_is_allowed" time="0.152" /><testcase classname="tests.test_research_pause_review" name="test_uncertain_pause_storage_never_returns_an_ack_or_reopens_authority[rollback-0]" time="0.155" /><testcase classname="tests.test_research_pause_review" name="test_uncertain_pause_storage_never_returns_an_ack_or_reopens_authority[commit_raise-1]" time="0.149" /><testcase classname="tests.test_research_pause_review" name="test_uncertain_pause_storage_never_returns_an_ack_or_reopens_authority[commit_delete-0]" time="0.156" /><testcase classname="tests.test_research_pause_review" name="test_peer_stop_after_pause_commit_remains_permanent" time="0.150" /><testcase classname="tests.test_research_pause_review" name="test_actual_cli_pause_leaves_nonempty_queue_without_claim_or_attempt" time="0.335" /><testcase classname="tests.test_native_cpu_action" name="test_cpu_kind_admission_and_claim_do_not_create_training_stages" time="0.190" /><testcase classname="tests.test_native_cpu_action" name="test_kind_aware_dedup_preserves_cpu_and_legacy_domains" time="0.131" /><testcase classname="tests.test_native_cpu_action" name="test_proposal_kind_sources_must_agree" time="0.001" /><testcase classname="tests.test_native_cpu_action" name="test_actual_zero_artifact_action_closes_and_settles_without_gpu_accounting[0-True]" time="0.506" /><testcase classname="tests.test_native_cpu_action" name="test_actual_zero_artifact_action_closes_and_settles_without_gpu_accounting[7-False]" time="0.492" /><testcase classname="tests.test_native_cpu_action" name="test_real_worker_reads_sealed_inputs_and_publishes_owned_artifact" time="0.551" /><testcase classname="tests.test_native_cpu_action" name="test_leader_exit_does_not_publish_before_real_escaped_writer_closes" time="0.892" /><testcase classname="tests.test_native_cpu_action" name="test_real_stop_zero_is_interrupted_and_settles_after_policy_stop" time="0.563" /><testcase classname="tests.test_native_cpu_action" name="test_ready_admission_refusal_preserves_owner_without_go_or_budget_refund" time="0.414" /><testcase classname="tests.test_cpu_terminal_recovery_guards" name="test_recovery_refuses_changed_native_binding[origin]" time="1.699" /><testcase classname="tests.test_cpu_terminal_recovery_guards" name="test_recovery_refuses_changed_native_binding[kind]" time="1.701" /><testcase classname="tests.test_cpu_terminal_recovery_guards" name="test_recovery_refuses_changed_native_binding[resource]" time="1.697" /><testcase classname="tests.test_cpu_terminal_recovery_guards" name="test_recovery_refuses_changed_native_binding[attempt_ref]" time="1.711" /><testcase classname="tests.test_cpu_terminal_recovery_guards" name="test_recovery_refuses_changed_native_binding[process_pid]" time="1.702" /><testcase classname="tests.test_cpu_terminal_recovery_guards" name="test_recovery_refuses_changed_native_binding[command_sha256]" time="1.762" /><testcase classname="tests.test_cpu_terminal_recovery_guards" name="test_recovery_refuses_changed_native_binding[timeout_seconds]" time="1.686" /><testcase classname="tests.test_cpu_terminal_recovery_guards" name="test_recovery_refuses_changed_captured_source[database]" time="1.716" /><testcase classname="tests.test_cpu_terminal_recovery_guards" name="test_recovery_refuses_changed_captured_source[claim_sha256]" time="1.689" /><testcase classname="tests.test_cpu_terminal_recovery_guards" name="test_recovery_refuses_changed_captured_source[config_sha256]" time="1.703" /><testcase classname="tests.test_cpu_terminal_recovery_guards" name="test_recovery_refuses_changed_current_lifecycle" time="1.699" /><testcase classname="tests.test_cpu_terminal_recovery_guards" name="test_recovery_refuses_rehashed_non_cpu_prepared_plan" time="1.709" /><testcase classname="tests.test_cpu_terminal_recovery_guards" name="test_recovery_refuses_changed_catalog_route" time="1.691" /><testcase classname="tests.test_cpu_terminal_recovery_guards" name="test_recovery_refuses_changed_ready_member_identity" time="1.764" /><testcase classname="tests.test_cpu_terminal_recovery_guards" name="test_recovery_rechecks_source_after_enumeration_before_settlement" time="1.778" /><testcase classname="tests.test_cpu_terminal_recovery_guards" name="test_preexisting_stop_never_authorizes_automatic_settlement[ordinary_stop]" time="1.702" /><testcase classname="tests.test_cpu_terminal_recovery_guards" name="test_preexisting_stop_never_authorizes_automatic_settlement[storage_hold]" time="1.937" /><testcase classname="tests.test_cpu_terminal_recovery_guards" name="test_preexisting_stop_never_authorizes_automatic_settlement[masked_storage_hold]" time="2.095" /><testcase classname="tests.test_cpu_terminal_recovery_guards" name="test_recovery_refuses_unbound_replication_request_field" time="2.080" /><testcase classname="tests.test_cpu_terminal_recovery_guards" name="test_recovery_refuses_artifact_root_unrelated_to_published_records" time="1.716" /><testcase classname="tests.test_cpu_terminal_recovery_barrier" name="test_post_delete_fsync_uncertainty_blocks_fresh_restart_with_zero_bound[effect]" time="1.748" /><testcase classname="tests.test_cpu_terminal_recovery_barrier" name="test_post_delete_fsync_uncertainty_blocks_fresh_restart_with_zero_bound[recovery]" time="1.759" /><testcase classname="tests.test_cpu_terminal_recovery_barrier" name="test_in_progress_denies_already_running_peer_admission[reserve]" time="1.227" /><testcase classname="tests.test_cpu_terminal_recovery_barrier" name="test_in_progress_denies_already_running_peer_admission[require_permit]" time="1.233" /><testcase classname="tests.test_cpu_terminal_recovery_barrier" name="test_two_recovery_consumers_do_not_repeat_settlement_or_poison_owner" time="1.220" /><testcase classname="tests.test_cpu_terminal_recovery_barrier" name="test_legal_peer_decision_after_complete_commit_preserves_exact_owner_result" time="1.219" /><testcase classname="tests.test_cpu_terminal_recovery_barrier" name="test_recovery_transaction_unknown_is_not_an_ordinary_success[IN_PROGRESS-rollback]" time="1.702" /><testcase classname="tests.test_cpu_terminal_recovery_barrier" name="test_recovery_transaction_unknown_is_not_an_ordinary_success[COMPLETE-rollback]" time="1.762" /><testcase classname="tests.test_cpu_terminal_recovery_barrier" name="test_recovery_transaction_unknown_is_not_an_ordinary_success[COMPLETE-committed_raise]" time="1.839" /><testcase classname="tests.test_cpu_terminal_recovery_barrier" name="test_existing_unqualified_gate_owner_is_preserved" time="1.131" /><testcase classname="tests.test_cpu_terminal_recovery_barrier" name="test_recovery_refuses_caller_transaction_without_consuming_it" time="1.130" /><testcase classname="tests.test_cpu_terminal_recovery_barrier" name="test_actual_peer_nonce_replacement_cannot_be_completed_by_old_owner" time="1.207" /><testcase classname="tests.test_cpu_terminal_recovery_domain" name="test_fresh_cli_resumes_confirmed_domain_without_reinterpretation[schedule-feasibility-v1-valid]" time="3.789" /><testcase classname="tests.test_cpu_terminal_recovery_domain" name="test_fresh_cli_resumes_confirmed_domain_without_reinterpretation[schedule-feasibility-v2-invalid]" time="3.769" /><testcase classname="tests.test_runtime_lease_recovery" name="test_historical_metadata_classifies_expiry_without_current_host_or_clock[authorized]" time="0.001" /><testcase classname="tests.test_runtime_lease_recovery" name="test_historical_metadata_classifies_expiry_without_current_host_or_clock[supervisor_expired]" time="0.001" /><testcase classname="tests.test_runtime_lease_recovery" name="test_historical_metadata_classifies_expiry_without_current_host_or_clock[interpret_expired]" time="0.001" /><testcase classname="tests.test_runtime_lease_recovery" name="test_typed_metadata_rejects_invalid_or_inverted_provenance[lease-schema-True]" time="0.001" /><testcase classname="tests.test_runtime_lease_recovery" name="test_typed_metadata_rejects_invalid_or_inverted_provenance[lease-issued_ns-10.0]" time="0.001" /><testcase classname="tests.test_runtime_lease_recovery" name="test_typed_metadata_rejects_invalid_or_inverted_provenance[lease-deadline_ns-True]" time="0.001" /><testcase classname="tests.test_runtime_lease_recovery" name="test_typed_metadata_rejects_invalid_or_inverted_provenance[lease-deadline_ns-9223372036854775808]" time="0.001" /><testcase classname="tests.test_runtime_lease_recovery" name="test_typed_metadata_rejects_invalid_or_inverted_provenance[lease-clock-CLOCK_MONOTONIC]" time="0.001" /><testcase classname="tests.test_runtime_lease_recovery" name="test_typed_metadata_rejects_invalid_or_inverted_provenance[lease-unexpected-1]" time="0.001" /><testcase classname="tests.test_runtime_lease_recovery" name="test_typed_metadata_rejects_invalid_or_inverted_provenance[ready-schema-True]" time="0.001" /><testcase classname="tests.test_runtime_lease_recovery" name="test_typed_metadata_rejects_invalid_or_inverted_provenance[ready-protocol-orze.linux_subreaper.v1]" time="0.001" /><testcase classname="tests.test_runtime_lease_recovery" name="test_typed_metadata_rejects_invalid_or_inverted_provenance[closure-lease_expired-1]" time="0.001" /><testcase classname="tests.test_runtime_lease_recovery" name="test_typed_metadata_rejects_invalid_or_inverted_provenance[closure-lease_observed_ns-12.0]" time="0.001" /><testcase classname="tests.test_runtime_lease_recovery" name="test_typed_metadata_rejects_invalid_or_inverted_provenance[closure-lease_expired-True]" time="0.001" /><testcase classname="tests.test_runtime_lease_recovery" name="test_typed_metadata_rejects_invalid_or_inverted_provenance[sample-schema-True]" time="0.001" /><testcase classname="tests.test_runtime_lease_recovery" name="test_typed_metadata_rejects_invalid_or_inverted_provenance[sample-observed_ns-True]" time="0.001" /><testcase classname="tests.test_runtime_lease_recovery" name="test_typed_metadata_rejects_invalid_or_inverted_provenance[sample-observed_ns-11]" time="0.001" /><testcase classname="tests.test_runtime_lease_recovery" name="test_typed_metadata_rejects_invalid_or_inverted_provenance[sample-observed_ns-20]" time="0.001" /><testcase classname="tests.test_runtime_lease_recovery" name="test_typed_metadata_rejects_invalid_or_inverted_provenance[sample-status-expired]" time="0.001" /><testcase classname="tests.test_runtime_lease_recovery" name="test_typed_metadata_rejects_invalid_or_inverted_provenance[sample-unexpected-None]" time="0.001" /><testcase classname="tests.test_runtime_lease_recovery" name="test_typed_metadata_rejects_invalid_or_inverted_provenance[terminal-unexpected-even-if-an-effect-plan-repeats-this]" time="0.001" /><testcase classname="tests.test_runtime_lease_recovery" name="test_typed_metadata_rejects_invalid_or_inverted_provenance[terminal-elapsed_wall_seconds-True]" time="0.001" /><testcase classname="tests.test_runtime_lease_recovery" name="test_typed_metadata_rejects_invalid_or_inverted_provenance[terminal-elapsed_wall_seconds-inf]" time="0.001" /><testcase classname="tests.test_runtime_lease_recovery" name="test_typed_metadata_rejects_invalid_or_inverted_provenance[terminal-lifecycle_phase-training]" time="0.001" /><testcase classname="tests.test_runtime_lease_recovery" name="test_typed_metadata_rejects_invalid_or_inverted_provenance[bound-timeout_seconds-1e-09]" time="0.001" /><testcase classname="tests.test_runtime_lease_recovery" name="test_expiry_cannot_claim_normal_outcome_or_publish_results[outcome-completed]" time="0.001" /><testcase classname="tests.test_runtime_lease_recovery" name="test_expiry_cannot_claim_normal_outcome_or_publish_results[reason_code-cpu_action_interrupted]" time="0.001" /><testcase classname="tests.test_runtime_lease_recovery" name="test_expiry_cannot_claim_normal_outcome_or_publish_results[artifact_ids-value2]" time="0.001" /><testcase classname="tests.test_runtime_lease_recovery" name="test_expiry_cannot_claim_normal_outcome_or_publish_results[observation_ids-value3]" time="0.001" /><testcase classname="tests.test_runtime_lease_recovery" name="test_missing_sample_or_new_lease_with_old_protocol_is_not_legacy_compatibility" time="0.001" /><testcase classname="tests.test_runtime_lease_recovery" name="test_historical_envelope_uses_the_same_exact_float_floor_as_lease_capture" time="0.001" /><testcase classname="tests.test_runtime_lease_recovery" name="test_genuine_no_exec_explicit_settlement_keeps_v1_but_refuses_new_lease[False]" time="0.304" /><testcase classname="tests.test_runtime_lease_recovery" name="test_genuine_no_exec_explicit_settlement_keeps_v1_but_refuses_new_lease[True]" time="0.252" /><testcase classname="tests.test_runtime_lease_recovery" name="test_real_v2_confirmed_terminal_crash_recovers_metadata_only[0]" time="2.448" /><testcase classname="tests.test_runtime_lease_recovery" name="test_real_v2_confirmed_terminal_crash_recovers_metadata_only[7]" time="2.787" /><testcase classname="tests.test_runtime_lease_recovery" name="test_real_historical_v1_terminal_recovers_without_upgrade_or_reexecution" time="2.417" /></testsuite></testsuites>