<?xml version="1.0" encoding="utf-8"?><testsuites name="pytest tests"><testsuite name="pytest" errors="0" failures="7" skipped="0" tests="15" time="3.397" timestamp="2026-09-14T03:37:53.072932+00:00" hostname="a100-41"><testcase classname="tests.test_idea_ingress_cost" name="test_empty_parsed_batch_reads_no_lake_ids_or_config_cache[]" time="0.193"><failure message="AssertionError: an already empty parsed batch must not read historical IDs&#10;assert ['SELECT idea_id FROM ideas'] == []&#10;  &#10;  Left contains one more item: 'SELECT idea_id FROM ideas'&#10;  Use -v to get more diff">tests/test_idea_ingress_cost.py:56: in test_empty_parsed_batch_reads_no_lake_ids_or_config_cache
    assert queries == [], "an already empty parsed batch must not read historical IDs"
E   AssertionError: an already empty parsed batch must not read historical IDs
E   assert ['SELECT idea_id FROM ideas'] == []
E     
E     Left contains one more item: 'SELECT idea_id FROM ideas'
E     Use -v to get more diff</failure></testcase><testcase classname="tests.test_idea_ingress_cost" name="test_empty_parsed_batch_reads_no_lake_ids_or_config_cache[# Ideas\n]" time="0.281"><failure message="AssertionError: an already empty parsed batch must not read historical IDs&#10;assert ['SELECT idea_id FROM ideas'] == []&#10;  &#10;  Left contains one more item: 'SELECT idea_id FROM ideas'&#10;  Use -v to get more diff">tests/test_idea_ingress_cost.py:56: in test_empty_parsed_batch_reads_no_lake_ids_or_config_cache
    assert queries == [], "an already empty parsed batch must not read historical IDs"
E   AssertionError: an already empty parsed batch must not read historical IDs
E   assert ['SELECT idea_id FROM ideas'] == []
E     
E     Left contains one more item: 'SELECT idea_id FROM ideas'
E     Use -v to get more diff</failure></testcase><testcase classname="tests.test_idea_ingress_cost" name="test_empty_parsed_batch_reads_no_lake_ids_or_config_cache[## idea-bad: Invalid\n```yaml\nseed: [\n```\n]" time="0.162"><failure message="AssertionError: an already empty parsed batch must not read historical IDs&#10;assert ['SELECT idea_id FROM ideas'] == []&#10;  &#10;  Left contains one more item: 'SELECT idea_id FROM ideas'&#10;  Use -v to get more diff">tests/test_idea_ingress_cost.py:56: in test_empty_parsed_batch_reads_no_lake_ids_or_config_cache
    assert queries == [], "an already empty parsed batch must not read historical IDs"
E   AssertionError: an already empty parsed batch must not read historical IDs
E   assert ['SELECT idea_id FROM ideas'] == []
E     
E     Left contains one more item: 'SELECT idea_id FROM ideas'
E     Use -v to get more diff</failure></testcase><testcase classname="tests.test_idea_ingress_cost" name="test_empty_parsed_batch_reads_no_lake_ids_or_config_cache[## idea-duplicate: Proposal\n```yaml\nseed: 1\n```\n\n## idea-duplicate: Proposal\n```yaml\nseed: 2\n```\n\n]" time="0.151"><failure message="AssertionError: an already empty parsed batch must not read historical IDs&#10;assert ['SELECT idea_id FROM ideas'] == []&#10;  &#10;  Left contains one more item: 'SELECT idea_id FROM ideas'&#10;  Use -v to get more diff">tests/test_idea_ingress_cost.py:56: in test_empty_parsed_batch_reads_no_lake_ids_or_config_cache
    assert queries == [], "an already empty parsed batch must not read historical IDs"
E   AssertionError: an already empty parsed batch must not read historical IDs
E   assert ['SELECT idea_id FROM ideas'] == []
E     
E     Left contains one more item: 'SELECT idea_id FROM ideas'
E     Use -v to get more diff</failure></testcase><testcase classname="tests.test_idea_ingress_cost" name="test_nonempty_batch_uses_only_targeted_id_query_and_real_admission[0]" time="0.171"><failure message="assert not True&#10; +  where True = any(&lt;generator object test_nonempty_batch_uses_only_targeted_id_query_and_real_admission.&lt;locals&gt;.&lt;genexpr&gt; at 0x149c4d592180&gt;)">tests/test_idea_ingress_cost.py:75: in test_nonempty_batch_uses_only_targeted_id_query_and_real_admission
    assert not any(q == "select idea_id from ideas" for q in selects)
E   assert not True
E    +  where True = any(&lt;generator object test_nonempty_batch_uses_only_targeted_id_query_and_real_admission.&lt;locals&gt;.&lt;genexpr&gt; at 0x149c4d592180&gt;)</failure></testcase><testcase classname="tests.test_idea_ingress_cost" name="test_nonempty_batch_uses_only_targeted_id_query_and_real_admission[1000]" time="0.327"><failure message="assert not True&#10; +  where True = any(&lt;generator object test_nonempty_batch_uses_only_targeted_id_query_and_real_admission.&lt;locals&gt;.&lt;genexpr&gt; at 0x149c4dda7e60&gt;)">tests/test_idea_ingress_cost.py:75: in test_nonempty_batch_uses_only_targeted_id_query_and_real_admission
    assert not any(q == "select idea_id from ideas" for q in selects)
E   assert not True
E    +  where True = any(&lt;generator object test_nonempty_batch_uses_only_targeted_id_query_and_real_admission.&lt;locals&gt;.&lt;genexpr&gt; at 0x149c4dda7e60&gt;)</failure></testcase><testcase classname="tests.test_idea_ingress_cost" name="test_empty_first_page_advances_to_real_later_proposal_without_loading_history" time="0.276"><failure message="AssertionError: assert (['SELECT idea_id FROM ideas'] == []&#10;  &#10;  Left contains one more item: 'SELECT idea_id FROM ideas'&#10;  Use -v to get more diff)">tests/test_idea_ingress_cost.py:93: in test_empty_first_page_advances_to_real_later_proposal_without_loading_history
    assert first_queries == [] and first_loads == []
E   AssertionError: assert (['SELECT idea_id FROM ideas'] == []
E     
E     Left contains one more item: 'SELECT idea_id FROM ideas'
E     Use -v to get more diff)</failure></testcase><testcase classname="tests.test_idea_ingress_cost" name="test_empty_primary_still_reads_and_admits_additive_sidecar" time="0.153" /><testcase classname="tests.test_idea_ingress_cost" name="test_known_same_id_bypasses_wrong_cache_but_still_requires_real_exact_insert[False]" time="0.190" /><testcase classname="tests.test_idea_ingress_cost" name="test_known_same_id_bypasses_wrong_cache_but_still_requires_real_exact_insert[True]" time="0.191" /><testcase classname="tests.test_idea_ingress_cost" name="test_cross_id_legacy_cache_still_respects_cpu_kind_domain[False]" time="0.273" /><testcase classname="tests.test_idea_ingress_cost" name="test_cross_id_legacy_cache_still_respects_cpu_kind_domain[True]" time="0.150" /><testcase classname="tests.test_idea_ingress_cost" name="test_redirected_source_is_rejected_before_any_history_read" time="0.135" /><testcase classname="tests.test_idea_ingress_cost" name="test_actual_source_lock_loss_after_lookup_never_admits_or_acknowledges" time="0.134" /><testcase classname="tests.test_idea_ingress_contract" name="test_stale_id_snapshot_cannot_replace_a_concurrent_winner" time="0.205" /></testsuite></testsuites>