<?xml version="1.0" encoding="utf-8"?><testsuites name="pytest tests"><testsuite name="pytest" errors="0" failures="1" skipped="0" tests="15" time="2.789" timestamp="2026-09-14T03:43:29.026460+00:00" hostname="a100-41"><testcase classname="tests.test_idea_ingress_cost" name="test_empty_parsed_batch_reads_no_lake_ids_or_config_cache[]" time="0.160" /><testcase classname="tests.test_idea_ingress_cost" name="test_empty_parsed_batch_reads_no_lake_ids_or_config_cache[# Ideas\n]" time="0.161" /><testcase classname="tests.test_idea_ingress_cost" name="test_empty_parsed_batch_reads_no_lake_ids_or_config_cache[## idea-bad: Invalid\n```yaml\nseed: [\n```\n]" time="0.152" /><testcase classname="tests.test_idea_ingress_cost" name="test_empty_parsed_batch_reads_no_lake_ids_or_config_cache[## idea-duplicate: Proposal\n```yaml\nseed: 1\n```\n\n## idea-duplicate: Proposal\n```yaml\nseed: 2\n```\n\n]" time="0.151" /><testcase classname="tests.test_idea_ingress_cost" name="test_nonempty_batch_uses_only_targeted_id_query_and_real_admission[0]" time="0.162" /><testcase classname="tests.test_idea_ingress_cost" name="test_nonempty_batch_uses_only_targeted_id_query_and_real_admission[1000]" time="0.180" /><testcase classname="tests.test_idea_ingress_cost" name="test_empty_first_page_advances_to_real_later_proposal_without_loading_history" time="0.193" /><testcase classname="tests.test_idea_ingress_cost" name="test_empty_primary_still_reads_and_admits_additive_sidecar" time="0.145" /><testcase classname="tests.test_idea_ingress_cost" name="test_known_same_id_bypasses_wrong_cache_but_still_requires_real_exact_insert[False]" time="0.188" /><testcase classname="tests.test_idea_ingress_cost" name="test_known_same_id_bypasses_wrong_cache_but_still_requires_real_exact_insert[True]" time="0.185" /><testcase classname="tests.test_idea_ingress_cost" name="test_cross_id_legacy_cache_still_respects_cpu_kind_domain[False]" time="0.165" /><testcase classname="tests.test_idea_ingress_cost" name="test_cross_id_legacy_cache_still_respects_cpu_kind_domain[True]" time="0.147" /><testcase classname="tests.test_idea_ingress_cost" name="test_redirected_source_is_rejected_before_any_history_read" time="0.134" /><testcase classname="tests.test_idea_ingress_cost" name="test_actual_source_lock_loss_after_lookup_never_admits_or_acknowledges" time="0.130" /><testcase classname="tests.test_idea_ingress_contract" name="test_stale_id_snapshot_cannot_replace_a_concurrent_winner" time="0.159"><failure message="AssertionError: second connection must commit after the old snapshot&#10;assert 0 == 1&#10; +  where 0 = len([])">tests/test_idea_ingress_contract.py:132: in test_stale_id_snapshot_cannot_replace_a_concurrent_winner
    assert len(winner) == 1, "second connection must commit after the old snapshot"
E   AssertionError: second connection must commit after the old snapshot
E   assert 0 == 1
E    +  where 0 = len([])</failure></testcase></testsuite></testsuites>