<?xml version="1.0" encoding="utf-8"?><testsuites name="pytest tests"><testsuite name="pytest" errors="0" failures="0" skipped="0" tests="4" time="8.515" timestamp="2026-09-14T01:29:04.145536+00:00" hostname="a100-41"><testcase classname="tests.test_cpu_proposal_paging_product_review" name="test_tail_exact_and_conflict_page_selects_then_once_executes_real_task" time="1.959" /><testcase classname="tests.test_cpu_proposal_paging_product_review" name="test_tail_conflict_drives_stop_without_retry_debit_or_worker" time="1.168" /><testcase classname="tests.test_cpu_proposal_paging_product_review" name="test_real_proposal_cursor_is_rejected_on_evidence_channel" time="3.603" /><testcase classname="tests.test_cpu_proposal_paging_product_review" name="test_peer_write_before_read_proposals_refuses_stale_continuation" time="1.163" /></testsuite></testsuites>