<?xml version="1.0" encoding="utf-8"?><testsuites name="pytest tests"><testsuite name="pytest" errors="0" failures="0" skipped="0" tests="126" time="119.697" timestamp="2026-09-15T10:41:42.561123+00:00" hostname="a100-41"><testcase classname="tests.test_sidecar_prefix_continuation" name="test_continuation_does_not_reread_preceding_sidecar_payloads" time="5.570" /><testcase classname="tests.test_sidecar_prefix_continuation" name="test_prefix_change_forces_current_source_read_before_later_admission[rewrite_restore_mtime]" time="4.164" /><testcase classname="tests.test_sidecar_prefix_continuation" name="test_prefix_change_forces_current_source_read_before_later_admission[replace]" time="4.604" /><testcase classname="tests.test_sidecar_prefix_continuation" name="test_prefix_change_forces_current_source_read_before_later_admission[unlink]" time="2.667" /><testcase classname="tests.test_sidecar_prefix_continuation" name="test_prefix_change_forces_current_source_read_before_later_admission[hardlink]" time="2.547" /><testcase classname="tests.test_sidecar_prefix_continuation" name="test_prefix_change_forces_current_source_read_before_later_admission[symlink]" time="2.577" /><testcase classname="tests.test_sidecar_prefix_continuation" name="test_prefix_change_forces_current_source_read_before_later_admission[namespace]" time="2.562" /><testcase classname="tests.test_sidecar_prefix_continuation" name="test_prefix_change_forces_current_source_read_before_later_admission[primary]" time="1.435" /><testcase classname="tests.test_sidecar_prefix_continuation" name="test_changed_prefix_during_page_read_rejects_batch_before_any_insert" time="1.446" /><testcase classname="tests.test_sidecar_prefix_continuation" name="test_duplicate_after_cached_prefix_cannot_override_first_valid_definition" time="2.964" /><testcase classname="tests.test_sidecar_prefix_continuation" name="test_bounded_hints_fall_back_without_losing_tail[MAX_FILES-2]" time="3.052" /><testcase classname="tests.test_sidecar_prefix_continuation" name="test_bounded_hints_fall_back_without_losing_tail[MAX_IDS-2]" time="3.034" /><testcase classname="tests.test_sidecar_prefix_continuation" name="test_bounded_hints_fall_back_without_losing_tail[MAX_ID_BYTES-1]" time="3.036" /><testcase classname="tests.test_sidecar_prefix_continuation" name="test_partial_multirecord_file_is_read_fresh_and_cached_ids_do_not_hide_new_content" time="2.538" /><testcase classname="tests.test_sidecar_prefix_continuation" name="test_directory_windows_preserve_glob_order_with_bounded_name_lists" time="0.002" /><testcase classname="tests.test_sidecar_prefix_continuation" name="test_new_cycle_discards_prefix_and_retries_current_sidecar_definition" time="1.459" /><testcase classname="tests.test_sidecar_prefix_continuation" name="test_parser_exception_discards_partial_prefix_before_retry" time="2.595" /><testcase classname="tests.test_sidecar_prefix_continuation" name="test_changed_pid_rejects_publication_of_existing_prefix" time="1.347" /><testcase classname="tests.test_ingress_bounded_sources" name="test_stale_config_cache_does_not_suppress_a_legal_proposal[completed-True]" time="0.165" /><testcase classname="tests.test_ingress_bounded_sources" name="test_stale_config_cache_does_not_suppress_a_legal_proposal[failed-False]" time="0.163" /><testcase classname="tests.test_ingress_bounded_sources" name="test_stale_config_cache_does_not_suppress_a_legal_proposal[archived-False]" time="0.167" /><testcase classname="tests.test_ingress_bounded_sources" name="test_large_global_cache_is_never_loaded_but_real_duplicate_is_retained" time="0.164" /><testcase classname="tests.test_ingress_bounded_sources" name="test_sidecars_only_parse_the_requested_window_and_reach_tail" time="2.997" /><testcase classname="tests.test_ingress_bounded_sources" name="test_full_primary_window_does_not_read_sidecars" time="1.323" /><testcase classname="tests.test_ingress_bounded_sources" name="test_duplicate_sidecars_keep_first_valid_definition_and_primary_priority" time="0.168" /><testcase classname="tests.test_ingress_bounded_sources" name="test_large_sidecar_batch_is_split_without_losing_the_delayed_entry" time="0.342" /><testcase classname="tests.test_ingress_bounded_sources" name="test_oversized_sidecar_is_retained_and_does_not_hide_valid_other_file" time="0.158" /><testcase classname="tests.test_ingress_bounded_sources" name="test_config_change_after_lookup_is_decided_by_current_transaction[False]" time="0.171" /><testcase classname="tests.test_ingress_bounded_sources" name="test_config_change_after_lookup_is_decided_by_current_transaction[True]" time="0.167" /><testcase classname="tests.test_ingress_bounded_sources" name="test_unconfirmed_sidecar_is_not_admitted_or_consumed[symlink]" time="0.145" /><testcase classname="tests.test_ingress_bounded_sources" name="test_unconfirmed_sidecar_is_not_admitted_or_consumed[changed_during_read]" time="0.144" /><testcase classname="tests.test_idea_ingress_contract" name="test_successful_append_after_parse_is_not_erased_without_admission" time="0.222" /><testcase classname="tests.test_idea_ingress_contract" name="test_producer_finalizer_rollback_cannot_leave_a_queued_task" time="0.155" /><testcase classname="tests.test_idea_ingress_contract" name="test_stale_id_snapshot_cannot_replace_a_concurrent_winner" time="0.145" /><testcase classname="tests.test_idea_ingress_contract" name="test_ignored_insert_does_not_consume_source_or_create_orphan_state" time="0.144" /><testcase classname="tests.test_idea_ingress_contract" name="test_replay_after_source_write_failure_acknowledges_existing_exact_task" time="0.179" /><testcase classname="tests.test_idea_ingress_contract" name="test_malformed_unadmitted_sibling_is_not_erased_by_successful_admission" time="0.156" /><testcase classname="tests.test_idea_ingress_contract" name="test_sidecar_is_additive_and_not_consumed" time="0.166" /><testcase classname="tests.test_idea_ingress_lock_contract" name="test_live_source_owner_past_sixty_seconds_cannot_be_replaced_by_append" time="0.150" /><testcase classname="tests.test_idea_ingress_lock_contract" name="test_consumer_cannot_read_or_admit_while_long_source_finalizer_is_active" time="0.153" /><testcase classname="tests.test_idea_ingress_lock_contract" name="test_generic_age_takeover_cannot_bypass_live_source_protocol[same_host]" time="0.140" /><testcase classname="tests.test_idea_ingress_lock_contract" name="test_generic_age_takeover_cannot_bypass_live_source_protocol[other_host]" time="0.142" /><testcase classname="tests.test_idea_ingress_lock_contract" name="test_ordinary_role_lock_retains_its_existing_age_takeover_policy" time="0.002" /><testcase classname="tests.test_idea_ingress_source_boundaries" name="test_same_mtime_replacement_does_not_admit_the_previous_parse_cache" time="0.159" /><testcase classname="tests.test_idea_ingress_source_boundaries" name="test_ambiguous_duplicate_id_blocks_are_preserved_in_full" time="0.137" /><testcase classname="tests.test_idea_ingress_source_boundaries" name="test_observed_source_replacement_during_admission_is_not_cleared" time="0.158" /><testcase classname="tests.test_idea_ingress_source_boundaries" name="test_enospc_at_source_publication_preserves_the_entire_original_source" time="0.153" /><testcase classname="tests.test_idea_ingress_source_boundaries" name="test_header_and_unadmitted_invalid_content_keep_their_exact_original_bytes" time="0.156" /><testcase classname="tests.test_idea_ingress_source_boundaries" name="test_optional_provider_hook_runs_after_source_unlock_and_cannot_lose_its_append[elo]" time="0.187" /><testcase classname="tests.test_idea_ingress_source_boundaries" name="test_optional_provider_hook_runs_after_source_unlock_and_cannot_lose_its_append[reflection]" time="0.181" /><testcase classname="tests.test_idea_ingress_source_boundaries" name="test_new_mechanism_atomic_replace_failure_leaves_original_source_intact" time="0.150" /><testcase classname="tests.test_idea_ingress_source_boundaries" name="test_new_mechanism_source_over_four_mib_is_preserved_without_partial_admission" time="0.145" /><testcase classname="tests.test_idea_ingress_source_boundaries" name="test_new_mechanism_block_budget_defers_remainder_without_erasing_it" time="1.478" /><testcase classname="tests.test_idea_ingress_cost" name="test_empty_parsed_batch_reads_no_lake_ids_or_config_cache[]" time="0.151" /><testcase classname="tests.test_idea_ingress_cost" name="test_empty_parsed_batch_reads_no_lake_ids_or_config_cache[# Ideas\n]" time="0.151" /><testcase classname="tests.test_idea_ingress_cost" name="test_empty_parsed_batch_reads_no_lake_ids_or_config_cache[## idea-bad: Invalid\n```yaml\nseed: [\n```\n]" time="0.151" /><testcase classname="tests.test_idea_ingress_cost" name="test_empty_parsed_batch_reads_no_lake_ids_or_config_cache[## idea-duplicate: Proposal\n```yaml\nseed: 1\n```\n\n## idea-duplicate: Proposal\n```yaml\nseed: 2\n```\n\n]" time="0.150" /><testcase classname="tests.test_idea_ingress_cost" name="test_nonempty_batch_uses_only_targeted_id_query_and_real_admission[0]" time="0.156" /><testcase classname="tests.test_idea_ingress_cost" name="test_nonempty_batch_uses_only_targeted_id_query_and_real_admission[1000]" time="0.174" /><testcase classname="tests.test_idea_ingress_cost" name="test_empty_first_page_advances_to_real_later_proposal_without_loading_history" time="0.194" /><testcase classname="tests.test_idea_ingress_cost" name="test_empty_primary_still_reads_and_admits_additive_sidecar" time="0.150" /><testcase classname="tests.test_idea_ingress_cost" name="test_known_same_id_bypasses_wrong_cache_but_still_requires_real_exact_insert[False]" time="0.190" /><testcase classname="tests.test_idea_ingress_cost" name="test_known_same_id_bypasses_wrong_cache_but_still_requires_real_exact_insert[True]" time="0.180" /><testcase classname="tests.test_idea_ingress_cost" name="test_cross_id_legacy_cache_still_respects_cpu_kind_domain[False]" time="0.165" /><testcase classname="tests.test_idea_ingress_cost" name="test_cross_id_legacy_cache_still_respects_cpu_kind_domain[True]" time="0.147" /><testcase classname="tests.test_idea_ingress_cost" name="test_redirected_source_is_rejected_before_any_history_read" time="0.134" /><testcase classname="tests.test_idea_ingress_cost" name="test_actual_source_lock_loss_after_lookup_never_admits_or_acknowledges" time="0.129" /><testcase classname="tests.test_idea_ingress_cost" name="test_targeted_reader_empty_does_no_sql_and_legacy_reader_is_unchanged" time="0.130" /><testcase classname="tests.test_idea_ingress_cost" name="test_targeted_reader_128_bound_parameters_keep_duplicate_and_literal_ids_safe" time="0.141" /><testcase classname="tests.test_idea_ingress_cost" name="test_targeted_reader_invalid_batch_fails_before_sql[None]" time="0.115" /><testcase classname="tests.test_idea_ingress_cost" name="test_targeted_reader_invalid_batch_fails_before_sql[idea-scalar]" time="0.114" /><testcase classname="tests.test_idea_ingress_cost" name="test_targeted_reader_invalid_batch_fails_before_sql[invalid2]" time="0.114" /><testcase classname="tests.test_idea_ingress_cost" name="test_targeted_reader_invalid_batch_fails_before_sql[invalid3]" time="0.114" /><testcase classname="tests.test_idea_ingress_cost" name="test_targeted_reader_invalid_batch_fails_before_sql[invalid4]" time="0.114" /><testcase classname="tests.test_idea_ingress_cost" name="test_lightweight_lake_adapter_uses_bounded_get_and_real_insert" time="0.199" /><testcase classname="tests.test_ideas_sidecar" name="test_sidecar_overlay_fills_missing_entry" time="0.002" /><testcase classname="tests.test_ideas_sidecar" name="test_sidecar_does_not_override_ideas_md_entry" time="0.002" /><testcase classname="tests.test_ingress_identity_preparation" name="test_ingress_avoids_unused_owner_mapping_with_same_real_result[False]" time="0.266" /><testcase classname="tests.test_ingress_identity_preparation" name="test_ingress_avoids_unused_owner_mapping_with_same_real_result[True]" time="0.263" /><testcase classname="tests.test_ingress_identity_preparation" name="test_missing_history_is_prepared_before_legal_normal_admission" time="0.567" /><testcase classname="tests.test_ingress_identity_preparation" name="test_preparation_without_valid_identity_never_touches_closed_database[identities0]" time="0.113" /><testcase classname="tests.test_ingress_identity_preparation" name="test_preparation_without_valid_identity_never_touches_closed_database[identities1]" time="0.114" /><testcase classname="tests.test_ingress_identity_preparation" name="test_preparation_without_valid_identity_never_touches_closed_database[identities2]" time="0.113" /><testcase classname="tests.test_ingress_identity_preparation" name="test_preparation_without_valid_identity_never_touches_closed_database[aaaaaaaaaaaaaaaaaaaaaaaaaaaaaaaaaaaaaaaaaaaaaaaaaaaaaaaaaaaaaaaa]" time="0.114" /><testcase classname="tests.test_ingress_identity_preparation" name="test_preparation_consumes_entire_input_before_repair" time="0.122" /><testcase classname="tests.test_ingress_identity_preparation" name="test_preparation_keeps_public_lookup_first_owner_and_source_edit_semantics" time="0.199" /><testcase classname="tests.test_ingress_identity_preparation" name="test_legacy_adapter_falls_back_to_original_lookup_and_real_writer[absent]" time="0.198" /><testcase classname="tests.test_ingress_identity_preparation" name="test_legacy_adapter_falls_back_to_original_lookup_and_real_writer[noncallable]" time="0.199" /><testcase classname="tests.test_ingress_identity_preparation" name="test_preparation_failure_still_uses_normal_admission_authority[2--1-inserted]" time="0.162" /><testcase classname="tests.test_ingress_identity_preparation" name="test_preparation_failure_still_uses_normal_admission_authority[2-13-config_duplicate]" time="0.143" /><testcase classname="tests.test_ingress_identity_preparation" name="test_preparation_failure_still_uses_normal_admission_authority[1500--1-rejected]" time="0.157" /><testcase classname="tests.test_ingress_identity_preparation" name="test_known_same_id_skips_legacy_preparation_but_still_acknowledges_exact_content" time="0.194" /><testcase classname="tests.test_sidecar_name_windows" name="test_unchanged_namespace_reuses_one_window_for_three_pages" time="2.956" /><testcase classname="tests.test_sidecar_name_windows" name="test_cached_future_name_still_reads_current_payload_and_namespace[rewrite]" time="2.583" /><testcase classname="tests.test_sidecar_name_windows" name="test_cached_future_name_still_reads_current_payload_and_namespace[rename_add]" time="2.569" /><testcase classname="tests.test_sidecar_name_windows" name="test_cached_future_name_still_reads_current_payload_and_namespace[remove_add]" time="2.544" /><testcase classname="tests.test_sidecar_name_windows" name="test_namespace_change_while_consuming_cached_window_rejects_before_writer" time="1.351" /><testcase classname="tests.test_sidecar_section_stream" name="test_first_128_valid_records_do_not_materialize_all_10000_headings" time="0.025" /><testcase classname="tests.test_sidecar_section_stream" name="test_adjacent_heading_boundaries_keep_unknown_heading_and_last_raw_bytes" time="0.001" /><testcase classname="tests.test_sidecar_section_stream" name="test_invalid_or_excluded_definition_keeps_first_valid_duplicate_precedence" time="0.001" /><testcase classname="tests.test_sidecar_section_stream" name="test_empty_or_unparsed_source_keeps_precedence_set_unchanged[]" time="0.001" /><testcase classname="tests.test_sidecar_section_stream" name="test_empty_or_unparsed_source_keeps_precedence_set_unchanged[# Notes\n]" time="0.001" /><testcase classname="tests.test_sidecar_section_stream" name="test_empty_or_unparsed_source_keeps_precedence_set_unchanged[## Unknown\n]" time="0.001" /><testcase classname="tests.test_sidecar_section_stream" name="test_empty_or_unparsed_source_keeps_precedence_set_unchanged[## idea-missing: Heading only]" time="0.001" /><testcase classname="tests.test_sidecar_partial_prefix" name="test_partial_resume_does_not_reparse_consumed_yaml" time="2.496" /><testcase classname="tests.test_sidecar_partial_prefix" name="test_read_failure_does_not_grant_precedence_to_cached_ids" time="1.301" /><testcase classname="tests.test_sidecar_partial_prefix" name="test_unconsumed_lookahead_is_not_a_skippable_hint" time="2.546" /><testcase classname="tests.test_sidecar_partial_prefix" name="test_clear_before_close_cannot_republish_partial_hint" time="0.002" /><testcase classname="tests.test_sidecar_partial_prefix" name="test_partial_hint_shares_id_capacity_with_complete_prefix" time="2.959" /><testcase classname="tests.test_sidecar_partial_boundaries" name="test_partial_source_changes_require_fresh_parsing[rewrite_restore_mtime]" time="2.489" /><testcase classname="tests.test_sidecar_partial_boundaries" name="test_partial_source_changes_require_fresh_parsing[replace]" time="2.499" /><testcase classname="tests.test_sidecar_partial_boundaries" name="test_partial_source_changes_require_fresh_parsing[hardlink]" time="1.299" /><testcase classname="tests.test_sidecar_partial_boundaries" name="test_partial_source_changes_require_fresh_parsing[symlink]" time="1.313" /><testcase classname="tests.test_sidecar_partial_boundaries" name="test_partial_source_changes_require_fresh_parsing[unlink]" time="1.302" /><testcase classname="tests.test_sidecar_partial_boundaries" name="test_partial_source_changes_require_fresh_parsing[namespace]" time="2.503" /><testcase classname="tests.test_sidecar_partial_boundaries" name="test_partial_source_changes_require_fresh_parsing[primary]" time="1.370" /><testcase classname="tests.test_sidecar_partial_boundaries" name="test_partial_changes_before_close_reject_before_writer[after_read]" time="1.345" /><testcase classname="tests.test_sidecar_partial_boundaries" name="test_partial_changes_before_close_reject_before_writer[during_parse]" time="1.329" /><testcase classname="tests.test_sidecar_partial_boundaries" name="test_partial_changes_before_close_reject_before_writer[after_verify]" time="1.331" /><testcase classname="tests.test_sidecar_partial_boundaries" name="test_partial_parser_exception_clears_hint_and_allows_fresh_retry" time="2.502" /><testcase classname="tests.test_sidecar_partial_boundaries" name="test_backward_offset_discards_partial_hint_and_returns_current_records" time="1.335" /><testcase classname="tests.test_sidecar_partial_boundaries" name="test_raw_byte_boundary_does_not_cache_unconsumed_lookahead" time="0.003" /><testcase classname="tests.test_sidecar_partial_boundaries" name="test_partial_capacity_fallback_preserves_complete_tail[MAX_FILES-0]" time="3.016" /><testcase classname="tests.test_sidecar_partial_boundaries" name="test_partial_capacity_fallback_preserves_complete_tail[MAX_IDS-2]" time="3.010" /><testcase classname="tests.test_sidecar_partial_boundaries" name="test_partial_capacity_fallback_preserves_complete_tail[MAX_ID_BYTES-1]" time="2.956" /><testcase classname="tests.test_sidecar_partial_boundaries" name="test_partial_hint_does_not_cross_an_unconfirmed_preceding_file" time="2.972" /></testsuite></testsuites>