<?xml version="1.0" encoding="utf-8"?><testsuites name="pytest tests"><testsuite name="pytest" errors="0" failures="0" skipped="0" tests="137" time="28.279" timestamp="2026-09-16T10:12:55.367149+00:00" hostname="a100-41"><testcase classname="tests.test_storage_preflight.TestOriginalBoundary" name="test_deployment_refuses_before_pid_or_resource_entry" time="0.061" /><testcase classname="tests.test_storage_preflight.TestOriginalBoundary" name="test_gc_refuses_before_task_effect_or_quarantine" time="0.016" /><testcase classname="tests.test_storage_preflight.TestOriginalBoundary" name="test_no_rename_features_keep_existing_run_route" time="0.002" /><testcase classname="tests.test_storage_preflight.TestProbeMechanisms" name="test_real_file_directory_success_and_collision_preservation" time="0.101" /><testcase classname="tests.test_storage_preflight.TestProbeMechanisms" name="test_real_unsupported_probe_cleans_only_own_objects" time="0.012" /><testcase classname="tests.test_storage_preflight.TestProbeMechanisms" name="test_symlink_route_rejected_without_following" time="0.001" /><testcase classname="tests.test_storage_preflight.TestProbeMechanisms" name="test_parent_replaced_during_operation_never_cleans_replacement" time="0.031" /><testcase classname="tests.test_storage_preflight.TestProbeMechanisms" name="test_wrong_overwriting_primitive_cannot_pass_collision_control" time="0.026" /><testcase classname="tests.test_storage_preflight.TestProbeMechanisms" name="test_storage_or_cleanup_uncertainty_fails_closed[initial_fsync]" time="0.011" /><testcase classname="tests.test_storage_preflight.TestProbeMechanisms" name="test_storage_or_cleanup_uncertainty_fails_closed[cleanup_unlink]" time="0.071" /><testcase classname="tests.test_storage_preflight.TestProbeMechanisms" name="test_storage_or_cleanup_uncertainty_fails_closed[after_cleanup_fsync]" time="0.101" /><testcase classname="tests.test_storage_preflight.TestProbeMechanisms" name="test_short_probe_write_refuses" time="0.006" /><testcase classname="tests.test_storage_preflight.TestProbeMechanisms" name="test_cpu_route_does_not_require_role_or_gc_storage" time="0.005" /><testcase classname="tests.test_storage_preflight.TestProbeMechanisms" name="test_dry_run_remains_read_only_on_unsupported_storage" time="0.009" /><testcase classname="tests.test_storage_preflight.TestProbeMechanisms" name="test_unused_deployment_features_make_no_probe[cfg0]" time="0.001" /><testcase classname="tests.test_storage_preflight.TestProbeMechanisms" name="test_unused_deployment_features_make_no_probe[cfg1]" time="0.001" /><testcase classname="tests.test_storage_preflight.TestProbeMechanisms" name="test_unused_deployment_features_make_no_probe[cfg2]" time="0.001" /><testcase classname="tests.test_storage_preflight.TestProbeMechanisms" name="test_deployment_gc_uses_project_relative_route_not_cwd" time="0.012" /><testcase classname="tests.test_storage_preflight.TestProbeMechanisms" name="test_existing_stop_precedes_storage_directory_or_probe_creation[.orze_disabled]" time="0.001" /><testcase classname="tests.test_storage_preflight.TestProbeMechanisms" name="test_existing_stop_precedes_storage_directory_or_probe_creation[.orze_stop_all]" time="0.001" /><testcase classname="tests.test_storage_preflight.TestProbeMechanisms" name="test_existing_stop_precedes_storage_directory_or_probe_creation[.orze_shutdown]" time="0.001" /><testcase classname="tests.test_cpu_controller_stop_product" name="test_cpu_registered_natural_exit_closes_budget_and_members[None]" time="0.834" /><testcase classname="tests.test_cpu_controller_stop_product" name="test_cpu_registered_natural_exit_closes_budget_and_members[pass]" time="1.334" /><testcase classname="tests.test_cpu_controller_stop_product" name="test_cpu_registered_stop_closes_worker_and_descendant_before_ack" time="1.422" /><testcase classname="tests.test_cpu_controller_stop_product" name="test_cpu_terminal_without_budget_settlement_cannot_ack" time="1.070" /><testcase classname="tests.test_cpu_controller_stop_product" name="test_cpu_unbound_reservation_without_any_member_cannot_ack" time="0.618" /><testcase classname="tests.test_cpu_controller_stop_product" name="test_cpu_closed_actions_cannot_ack_an_unconfirmed_lake_close" time="1.120" /><testcase classname="tests.test_cpu_controller_stop_product" name="test_cpu_continued_authorization_and_runtime_lease_use_same_stop_proof" time="1.121" /><testcase classname="tests.test_cpu_controller_profile" name="test_cpu_stop_profile_is_loaded_with_both_fingerprints" time="0.006" /><testcase classname="tests.test_cpu_controller_profile" name="test_cpu_stop_requires_exact_declaration_and_resource_boundaries[change0]" time="0.001" /><testcase classname="tests.test_cpu_controller_profile" name="test_cpu_stop_requires_exact_declaration_and_resource_boundaries[change1]" time="0.001" /><testcase classname="tests.test_cpu_controller_profile" name="test_cpu_stop_requires_exact_declaration_and_resource_boundaries[change2]" time="0.001" /><testcase classname="tests.test_cpu_controller_profile" name="test_cpu_stop_requires_exact_declaration_and_resource_boundaries[change3]" time="0.001" /><testcase classname="tests.test_cpu_controller_profile" name="test_cpu_stop_requires_exact_declaration_and_resource_boundaries[change4]" time="0.001" /><testcase classname="tests.test_cpu_controller_profile" name="test_cpu_stop_requires_exact_declaration_and_resource_boundaries[change5]" time="0.001" /><testcase classname="tests.test_cpu_controller_profile" name="test_cpu_stop_requires_exact_declaration_and_resource_boundaries[change6]" time="0.001" /><testcase classname="tests.test_cpu_controller_profile" name="test_cpu_stop_requires_exact_declaration_and_resource_boundaries[change7]" time="0.001" /><testcase classname="tests.test_cpu_controller_profile" name="test_cpu_stop_requires_exact_declaration_and_resource_boundaries[change8]" time="0.001" /><testcase classname="tests.test_cpu_controller_profile" name="test_cpu_stop_requires_exact_declaration_and_resource_boundaries[change9]" time="0.001" /><testcase classname="tests.test_cpu_controller_profile" name="test_cpu_stop_timeout_is_control_timeout_and_restart_stays_unsupported" time="0.001" /><testcase classname="tests.test_cpu_product_loop" name="test_cli_runs_real_cpu_action_without_training_or_gpu[False]" time="0.616" /><testcase classname="tests.test_cpu_product_loop" name="test_cli_runs_real_cpu_action_without_training_or_gpu[True]" time="0.630" /><testcase classname="tests.test_cpu_product_loop" name="test_empty_cpu_policy_is_durable_without_claim_attempt_or_charge[wait]" time="0.180" /><testcase classname="tests.test_cpu_product_loop" name="test_empty_cpu_policy_is_durable_without_claim_attempt_or_charge[stop]" time="0.186" /><testcase classname="tests.test_cpu_product_loop" name="test_cpu_budget_stop_does_not_claim_or_start_unaffordable_task" time="0.243" /><testcase classname="tests.test_cpu_product_loop" name="test_cpu_daemon_drains_actual_action_then_stops_by_policy" time="0.619" /><testcase classname="tests.test_cpu_product_loop" name="test_cpu_wait_wakes_for_new_proposal_without_preclaiming" time="0.678" /><testcase classname="tests.test_cpu_retirement_product" name="test_real_two_action_cli_releases_closed_invocation_and_source_captures" time="1.458" /><testcase classname="tests.test_cpu_retirement_product" name="test_successful_close_releases_interfaces_even_if_caller_keeps_engine" time="0.122" /><testcase classname="tests.test_cpu_retirement_product" name="test_close_unregisters_only_its_unique_exit_callback" time="0.129" /><testcase classname="tests.test_cpu_retirement_product" name="test_unconfirmed_close_preserves_captured_callbacks_and_interfaces" time="0.115" /><testcase classname="tests.test_cpu_retirement_product" name="test_actual_empty_cli_restores_exact_preexisting_signal_handlers" time="0.249" /><testcase classname="tests.test_cpu_execution_entry" name="test_cpu_config_does_not_require_training_files" time="0.003" /><testcase classname="tests.test_cpu_execution_entry" name="test_cpu_declaration_rejected_by_existing_validator[update0]" time="0.001" /><testcase classname="tests.test_cpu_execution_entry" name="test_cpu_declaration_rejected_by_existing_validator[update1]" time="0.001" /><testcase classname="tests.test_cpu_execution_entry" name="test_cpu_declaration_rejected_by_existing_validator[update2]" time="0.001" /><testcase classname="tests.test_cpu_execution_entry" name="test_cpu_declaration_rejected_by_existing_validator[update3]" time="0.001" /><testcase classname="tests.test_cpu_execution_entry" name="test_cpu_declaration_rejected_by_existing_validator[update4]" time="0.001" /><testcase classname="tests.test_cpu_execution_entry" name="test_cpu_declaration_rejected_by_existing_validator[update5]" time="0.001" /><testcase classname="tests.test_cpu_execution_entry" name="test_cli_explicit_cpu_bypasses_gpu_inventory" time="0.014" /><testcase classname="tests.test_cpu_execution_entry" name="test_empty_gpu_allowlist_does_not_infer_cpu_mode" time="0.011" /><testcase classname="tests.test_controller_profile" name="test_default_off_does_not_revalidate_legacy_features" time="0.001" /><testcase classname="tests.test_controller_profile" name="test_declaration_is_exact_and_not_boolean_aliased[True]" time="0.002" /><testcase classname="tests.test_controller_profile" name="test_declaration_is_exact_and_not_boolean_aliased[declaration1]" time="0.001" /><testcase classname="tests.test_controller_profile" name="test_declaration_is_exact_and_not_boolean_aliased[declaration2]" time="0.001" /><testcase classname="tests.test_controller_profile" name="test_declaration_is_exact_and_not_boolean_aliased[declaration3]" time="0.001" /><testcase classname="tests.test_controller_profile" name="test_declaration_is_exact_and_not_boolean_aliased[declaration4]" time="0.001" /><testcase classname="tests.test_controller_profile" name="test_declaration_is_exact_and_not_boolean_aliased[declaration5]" time="0.001" /><testcase classname="tests.test_controller_profile" name="test_unsupported_profile_features_are_not_silently_disabled[telemetry-None]" time="0.001" /><testcase classname="tests.test_controller_profile" name="test_unsupported_profile_features_are_not_silently_disabled[auto_upgrade-True]" time="0.001" /><testcase classname="tests.test_controller_profile" name="test_unsupported_profile_features_are_not_silently_disabled[bot-value2]" time="0.002" /><testcase classname="tests.test_controller_profile" name="test_unsupported_profile_features_are_not_silently_disabled[notifications-value3]" time="0.001" /><testcase classname="tests.test_controller_profile" name="test_unsupported_profile_features_are_not_silently_disabled[retrospection-value4]" time="0.001" /><testcase classname="tests.test_controller_profile" name="test_unsupported_profile_features_are_not_silently_disabled[cleanup-value5]" time="0.001" /><testcase classname="tests.test_controller_profile" name="test_unsupported_profile_features_are_not_silently_disabled[metric_harvest-value6]" time="0.001" /><testcase classname="tests.test_controller_profile" name="test_unsupported_profile_features_are_not_silently_disabled[gpu_scheduling-value7]" time="0.001" /><testcase classname="tests.test_controller_profile" name="test_unsupported_profile_features_are_not_silently_disabled[max_fix_attempts-1]" time="0.001" /><testcase classname="tests.test_controller_profile" name="test_unsupported_profile_features_are_not_silently_disabled[fleet-value9]" time="0.001" /><testcase classname="tests.test_controller_profile" name="test_unsupported_profile_features_are_not_silently_disabled[substrate-value10]" time="0.001" /><testcase classname="tests.test_controller_profile" name="test_fingerprint_binds_public_config_paths_and_exact_gpu_scope" time="0.003" /><testcase classname="tests.test_controller_profile" name="test_real_loader_overwrites_untrusted_stamp_after_parsing" time="0.022" /><testcase classname="tests.test_controller_profile" name="test_cli_gpu_and_runtime_overrides_cannot_ambiguate_observer_fingerprint" time="0.002" /><testcase classname="tests.test_controller_profile" name="test_unsupported_cli_execution_modes_refuse_before_launch[argv0]" time="0.013" /><testcase classname="tests.test_controller_profile" name="test_unsupported_cli_execution_modes_refuse_before_launch[argv1]" time="0.012" /><testcase classname="tests.test_controller_profile" name="test_unsupported_cli_execution_modes_refuse_before_launch[argv2]" time="0.013" /><testcase classname="tests.test_controller_profile" name="test_unsupported_cli_execution_modes_refuse_before_launch[argv3]" time="0.013" /><testcase classname="tests.test_controller_profile" name="test_only_completed_operation_type_returns_zero_and_stop_budget_does_not_mutate_config[argv0]" time="0.012" /><testcase classname="tests.test_controller_profile" name="test_only_completed_operation_type_returns_zero_and_stop_budget_does_not_mutate_config[argv1]" time="0.013" /><testcase classname="tests.test_controller_profile" name="test_labels_booleans_and_none_are_not_completed_operations[True]" time="0.002" /><testcase classname="tests.test_controller_profile" name="test_labels_booleans_and_none_are_not_completed_operations[None]" time="0.002" /><testcase classname="tests.test_controller_profile" name="test_labels_booleans_and_none_are_not_completed_operations[result2]" time="0.002" /><testcase classname="tests.test_controller_profile" name="test_enabled_profile_skips_default_admin_and_uses_declared_gpus" time="0.014" /><testcase classname="tests.test_controller_profile" name="test_disabled_stop_keeps_legacy_request_only_contract" time="0.002" /><testcase classname="tests.test_controller_session" name="test_session_closes_real_resources_and_retains_registered_namespace" time="0.390" /><testcase classname="tests.test_controller_session" name="test_pinned_stop_pump_does_not_compete_with_action_writer" time="1.096" /><testcase classname="tests.test_controller_session" name="test_resource_or_binding_uncertainty_never_writes_ack[gpu_close]" time="0.381" /><testcase classname="tests.test_controller_session" name="test_resource_or_binding_uncertainty_never_writes_ack[lake_close]" time="0.394" /><testcase classname="tests.test_controller_session" name="test_resource_or_binding_uncertainty_never_writes_ack[ack_commit]" time="0.413" /><testcase classname="tests.test_controller_session" name="test_resource_or_binding_uncertainty_never_writes_ack[pid_replaced]" time="0.383" /><testcase classname="tests.test_controller_session" name="test_resource_or_binding_uncertainty_never_writes_ack[runtime_changed]" time="0.364" /><testcase classname="tests.test_controller_session" name="test_resource_or_binding_uncertainty_never_writes_ack[request_replaced]" time="0.369" /><testcase classname="tests.test_controller_session" name="test_resource_or_binding_uncertainty_never_writes_ack[cwd_changed]" time="0.363" /><testcase classname="tests.test_controller_session" name="test_resource_or_binding_uncertainty_never_writes_ack[session_holder_changed]" time="0.361" /><testcase classname="tests.test_controller_session" name="test_resource_or_binding_uncertainty_never_writes_ack[gpu_list_changed]" time="0.382" /><testcase classname="tests.test_controller_session" name="test_observer_requires_bound_ack_and_exact_controller_exit[none]" time="0.488" /><testcase classname="tests.test_controller_session" name="test_observer_requires_bound_ack_and_exact_controller_exit[bad_digest]" time="0.490" /><testcase classname="tests.test_controller_session" name="test_observer_requires_bound_ack_and_exact_controller_exit[bad_resource]" time="0.465" /><testcase classname="tests.test_controller_session" name="test_observer_requires_bound_ack_and_exact_controller_exit[changed_request]" time="0.465" /><testcase classname="tests.test_controller_session" name="test_dead_controller_ack_cannot_be_adopted_by_a_fresh_observer" time="0.392" /><testcase classname="tests.test_controller_session" name="test_configuration_changed_after_loading_cannot_register" time="0.298" /><testcase classname="tests.test_controller_session" name="test_observer_rejects_invalid_timeout_without_io[True]" time="0.002" /><testcase classname="tests.test_controller_session" name="test_observer_rejects_invalid_timeout_without_io[0]" time="0.001" /><testcase classname="tests.test_controller_session" name="test_observer_rejects_invalid_timeout_without_io[-1]" time="0.001" /><testcase classname="tests.test_controller_session" name="test_observer_rejects_invalid_timeout_without_io[nan]" time="0.001" /><testcase classname="tests.test_controller_session" name="test_observer_rejects_invalid_timeout_without_io[inf]" time="0.001" /><testcase classname="tests.test_controller_session" name="test_observer_rejects_invalid_timeout_without_io[3601]" time="0.001" /><testcase classname="tests.test_controller_members" name="test_native_tree_closed_is_not_settled_until_complete_effect_guard_exit" time="0.560" /><testcase classname="tests.test_controller_members" name="test_effect_guard_exit_failure_never_settles_committed_terminal" time="0.569" /><testcase classname="tests.test_controller_members" name="test_ready_quiesce_blocks_go_and_settles_interrupted_after_actual_closure" time="0.449" /><testcase classname="tests.test_controller_members" name="test_poll_observes_quiesce_and_sends_only_one_stop" time="0.468" /><testcase classname="tests.test_controller_members" name="test_unknown_ready_write_keeps_private_member_and_cannot_settle" time="0.396" /><testcase classname="tests.test_controller_members" name="test_member_intent_sql_refusal_precedes_popen" time="0.330" /><testcase classname="tests.test_controller_members" name="test_same_connection_native_create_rollback_does_not_disappear" time="0.332" /><testcase classname="tests.test_controller_members" name="test_role_intent_is_enrolled_before_prepare_and_no_os_release_settles" time="0.369" /><testcase classname="tests.test_controller_members" name="test_bounded_executor_settles_only_after_output_and_close" time="0.463" /><testcase classname="tests.test_controller_members" name="test_foreign_scope_is_not_admitted_as_local_controller_work" time="0.309" /><testcase classname="tests.test_controller_members" name="test_commit_that_rolls_back_cannot_return_ready_or_settled_member" time="0.450" /><testcase classname="tests.test_controller_members" name="test_member_limit_is_explicit_and_does_not_drop_pending_owners" time="0.442" /><testcase classname="tests.test_controller_members" name="test_popen_creates_owned_supervisor_then_raises_is_not_no_execution" time="0.363" /><testcase classname="tests.test_controller_members" name="test_native_stop_zero_settles_as_interrupted_not_completed" time="0.670" /><testcase classname="tests.test_controller_members" name="test_role_intent_unknown_holds_controller_before_member_was_registered" time="0.316" /><testcase classname="tests.test_controller_handoff_profile" name="test_v2_is_explicit_detached_and_stamped_by_the_real_loader" time="0.023" /><testcase classname="tests.test_controller_handoff_profile" name="test_v2_does_not_coerce_or_upgrade_other_declarations[declaration0]" time="0.001" /><testcase classname="tests.test_controller_handoff_profile" name="test_v2_does_not_coerce_or_upgrade_other_declarations[declaration1]" time="0.001" /><testcase classname="tests.test_controller_handoff_profile" name="test_v2_does_not_coerce_or_upgrade_other_declarations[declaration2]" time="0.001" /><testcase classname="tests.test_controller_handoff_profile" name="test_v2_does_not_coerce_or_upgrade_other_declarations[declaration3]" time="0.001" /><testcase classname="tests.test_controller_handoff_profile" name="test_v2_retains_strict_feature_and_gpu_fingerprint_boundaries" time="0.003" /></testsuite></testsuites>