<?xml version="1.0" encoding="utf-8"?><testsuites name="pytest tests"><testsuite name="pytest" errors="0" failures="11" skipped="0" tests="11" time="0.398" timestamp="2026-09-16T12:11:34.375339+00:00" hostname="a100-41"><testcase classname="tests.test_service_scoped" name="test_effective_related_units_cannot_escape_selected_project[watchdog_config]" time="0.009"><failure message="AssertionError: {'schema_version': 1, 'contract_ok': True, 'startup_allowed': True, 'errors': [], ...}&#10;assert not True">tests/test_service_scoped.py:92: in test_effective_related_units_cannot_escape_selected_project
    assert not report['startup_allowed'], report
E   AssertionError: {'schema_version': 1, 'contract_ok': True, 'startup_allowed': True, 'errors': [], ...}
E   assert not True</failure></testcase><testcase classname="tests.test_service_scoped" name="test_effective_related_units_cannot_escape_selected_project[watchdog_pre]" time="0.008"><failure message="AssertionError: {'schema_version': 1, 'contract_ok': True, 'startup_allowed': True, 'errors': [], ...}&#10;assert not True">tests/test_service_scoped.py:92: in test_effective_related_units_cannot_escape_selected_project
    assert not report['startup_allowed'], report
E   AssertionError: {'schema_version': 1, 'contract_ok': True, 'startup_allowed': True, 'errors': [], ...}
E   assert not True</failure></testcase><testcase classname="tests.test_service_scoped" name="test_effective_related_units_cannot_escape_selected_project[watchdog_pythonpath]" time="0.008"><failure message="AssertionError: {'schema_version': 1, 'contract_ok': True, 'startup_allowed': True, 'errors': [], ...}&#10;assert not True">tests/test_service_scoped.py:92: in test_effective_related_units_cannot_escape_selected_project
    assert not report['startup_allowed'], report
E   AssertionError: {'schema_version': 1, 'contract_ok': True, 'startup_allowed': True, 'errors': [], ...}
E   assert not True</failure></testcase><testcase classname="tests.test_service_scoped" name="test_effective_related_units_cannot_escape_selected_project[timer_target]" time="0.008"><failure message="AssertionError: {'schema_version': 1, 'contract_ok': True, 'startup_allowed': True, 'errors': [], ...}&#10;assert not True">tests/test_service_scoped.py:92: in test_effective_related_units_cannot_escape_selected_project
    assert not report['startup_allowed'], report
E   AssertionError: {'schema_version': 1, 'contract_ok': True, 'startup_allowed': True, 'errors': [], ...}
E   assert not True</failure></testcase><testcase classname="tests.test_service_scoped" name="test_effective_related_units_cannot_escape_selected_project[host_stop]" time="0.008"><failure message="AssertionError: {'schema_version': 1, 'contract_ok': True, 'startup_allowed': True, 'errors': [], ...}&#10;assert not True">tests/test_service_scoped.py:92: in test_effective_related_units_cannot_escape_selected_project
    assert not report['startup_allowed'], report
E   AssertionError: {'schema_version': 1, 'contract_ok': True, 'startup_allowed': True, 'errors': [], ...}
E   assert not True</failure></testcase><testcase classname="tests.test_service_scoped" name="test_effective_related_units_cannot_escape_selected_project[watchdog_stop]" time="0.008"><failure message="AssertionError: {'schema_version': 1, 'contract_ok': True, 'startup_allowed': True, 'errors': [], ...}&#10;assert not True">tests/test_service_scoped.py:92: in test_effective_related_units_cannot_escape_selected_project
    assert not report['startup_allowed'], report
E   AssertionError: {'schema_version': 1, 'contract_ok': True, 'startup_allowed': True, 'errors': [], ...}
E   assert not True</failure></testcase><testcase classname="tests.test_service_scoped" name="test_effective_related_units_cannot_escape_selected_project[host_post]" time="0.008"><failure message="AssertionError: {'schema_version': 1, 'contract_ok': True, 'startup_allowed': True, 'errors': [], ...}&#10;assert not True">tests/test_service_scoped.py:92: in test_effective_related_units_cannot_escape_selected_project
    assert not report['startup_allowed'], report
E   AssertionError: {'schema_version': 1, 'contract_ok': True, 'startup_allowed': True, 'errors': [], ...}
E   assert not True</failure></testcase><testcase classname="tests.test_service_scoped" name="test_effective_related_units_cannot_escape_selected_project[missing_watchdog]" time="0.008"><failure message="AssertionError: {'schema_version': 1, 'contract_ok': True, 'startup_allowed': True, 'errors': [], ...}&#10;assert not True">tests/test_service_scoped.py:92: in test_effective_related_units_cannot_escape_selected_project
    assert not report['startup_allowed'], report
E   AssertionError: {'schema_version': 1, 'contract_ok': True, 'startup_allowed': True, 'errors': [], ...}
E   assert not True</failure></testcase><testcase classname="tests.test_service_scoped" name="test_effective_related_units_cannot_escape_selected_project[missing_timer]" time="0.008"><failure message="AssertionError: {'schema_version': 1, 'contract_ok': True, 'startup_allowed': True, 'errors': [], ...}&#10;assert not True">tests/test_service_scoped.py:92: in test_effective_related_units_cannot_escape_selected_project
    assert not report['startup_allowed'], report
E   AssertionError: {'schema_version': 1, 'contract_ok': True, 'startup_allowed': True, 'errors': [], ...}
E   assert not True</failure></testcase><testcase classname="tests.test_service_scoped" name="test_effective_drift_blocks_uninstall_manager_mutations[entry]" time="0.006"><failure message="assert (None is not None)">tests/test_service_scoped.py:123: in test_effective_drift_blocks_uninstall_manager_mutations
    assert error is not None and not any(row[0] == 'manager' for row in events)
E   assert (None is not None)</failure></testcase><testcase classname="tests.test_service_scoped" name="test_effective_drift_blocks_uninstall_manager_mutations[after_stop]" time="0.004"><failure message="assert (None is not None)">tests/test_service_scoped.py:123: in test_effective_drift_blocks_uninstall_manager_mutations
    assert error is not None and not any(row[0] == 'manager' for row in events)
E   assert (None is not None)</failure></testcase></testsuite></testsuites>