<?xml version="1.0" encoding="utf-8"?><testsuites name="pytest tests"><testsuite name="pytest" errors="0" failures="2" skipped="0" tests="2" time="7.062" timestamp="2026-09-16T13:04:39.610333+00:00" hostname="a100-41"><testcase classname="tests.test_service_host_completion" name="test_successor_completion_before_started_reply_remains_replayable[False]" time="3.111"><failure message="AssertionError: HOLD: service_host_operation_unconfirmed&#10;  &#10;assert 75 == 0">/hot-data/fsx/workspace/erik/orze-p1-continuation-20260914/orze/tests/test_service_host_completion.py:113: in test_successor_completion_before_started_reply_remains_replayable
    assert code == (75 if lost else 0), output
E   AssertionError: HOLD: service_host_operation_unconfirmed
E     
E   assert 75 == 0</failure></testcase><testcase classname="tests.test_service_host_completion" name="test_successor_completion_before_started_reply_remains_replayable[True]" time="3.746"><failure message="assert 1 == 0">/hot-data/fsx/workspace/erik/orze-p1-continuation-20260914/orze/tests/test_service_host_completion.py:118: in test_successor_completion_before_started_reply_remains_replayable
    assert client('watchdog', watchdog=True)[0] == 0
E   assert 1 == 0</failure></testcase></testsuite></testsuites>