<?xml version="1.0" encoding="utf-8"?><testsuites name="pytest tests"><testsuite name="pytest" errors="0" failures="1" skipped="0" tests="1" time="2.166" timestamp="2026-09-16T14:54:53.600752+00:00" hostname="a100-41"><testcase classname="tests.test_service_recovery" name="test_closed_host_recovers_into_owned_successor_without_resetting_budget" time="1.981"><failure message="AssertionError: /usr/bin/python3: No module named orze.service.recovery&#10;  &#10;assert 1 == 0&#10; +  where 1 = CompletedProcess(args=['/usr/bin/python3', '-m', 'orze.service.recovery', '--source-service-config', '/tmp/sr-o1/test_...quest-id', 'recover-001'], returncode=1, stdout='', stderr='/usr/bin/python3: No module named orze.service.recovery\n').returncode">/hot-data/fsx/workspace/erik/orze-p1-continuation-20260914/orze/tests/test_service_recovery.py:38: in test_closed_host_recovers_into_owned_successor_without_resetting_budget
    assert result.returncode == 0, result.stderr
E   AssertionError: /usr/bin/python3: No module named orze.service.recovery
E     
E   assert 1 == 0
E    +  where 1 = CompletedProcess(args=['/usr/bin/python3', '-m', 'orze.service.recovery', '--source-service-config', '/tmp/sr-o1/test_...quest-id', 'recover-001'], returncode=1, stdout='', stderr='/usr/bin/python3: No module named orze.service.recovery\n').returncode</failure></testcase></testsuite></testsuites>