<?xml version="1.0" encoding="utf-8"?><testsuites name="pytest tests"><testsuite name="pytest" errors="0" failures="0" skipped="0" tests="12" time="16.930" timestamp="2026-09-14T03:50:30.080403+00:00" hostname="a100-41"><testcase classname="tests.test_native_cpu_action" name="test_cpu_kind_admission_and_claim_do_not_create_training_stages" time="0.226" /><testcase classname="tests.test_native_cpu_action" name="test_kind_aware_dedup_preserves_cpu_and_legacy_domains" time="0.155" /><testcase classname="tests.test_native_cpu_action" name="test_proposal_kind_sources_must_agree" time="0.001" /><testcase classname="tests.test_native_cpu_action" name="test_actual_zero_artifact_action_closes_and_settles_without_gpu_accounting[0-True]" time="0.594" /><testcase classname="tests.test_native_cpu_action" name="test_actual_zero_artifact_action_closes_and_settles_without_gpu_accounting[7-False]" time="0.568" /><testcase classname="tests.test_native_cpu_action" name="test_real_worker_reads_sealed_inputs_and_publishes_owned_artifact" time="0.679" /><testcase classname="tests.test_native_cpu_action" name="test_leader_exit_does_not_publish_before_real_escaped_writer_closes" time="1.258" /><testcase classname="tests.test_native_cpu_action" name="test_real_stop_zero_is_interrupted_and_settles_after_policy_stop" time="0.944" /><testcase classname="tests.test_native_cpu_action" name="test_ready_admission_refusal_preserves_owner_without_go_or_budget_refund" time="0.693" /><testcase classname="tests.test_cpu_terminal_recovery_domain" name="test_fresh_cli_resumes_confirmed_domain_without_reinterpretation[schedule-feasibility-v1-valid]" time="4.530" /><testcase classname="tests.test_cpu_terminal_recovery_domain" name="test_fresh_cli_resumes_confirmed_domain_without_reinterpretation[schedule-feasibility-v2-invalid]" time="4.661" /><testcase classname="tests.test_cpu_terminal_recovery_guards" name="test_recovery_refuses_changed_current_lifecycle" time="2.171" /></testsuite></testsuites>