<?xml version="1.0" encoding="utf-8"?><testsuites name="pytest tests"><testsuite name="pytest" errors="0" failures="1" skipped="0" tests="6" time="1.162" timestamp="2026-09-13T00:43:18.574472+00:00" hostname="a100-41"><testcase classname="tests.test_storage_preflight_review" name="test_path_replacement_with_same_probe_names_cannot_move_foreign_source" time="0.016"><failure message="AssertionError: preflight renamed an uncaptured replacement source&#10;assert False&#10; +  where False = is_file()&#10; +    where is_file = PosixPath('/tmp/orze-storage-review.boIWWqDg/tests/test_path_replacement_with_sam0/root/.orze-storage-probe-5cd98b6c9bd9d0a246f6cbce0a83dac3/case-00/source').is_file">tests/test_storage_preflight_review.py:41: in test_path_replacement_with_same_probe_names_cannot_move_foreign_source
    assert foreign["source"].is_file(), "preflight renamed an uncaptured replacement source"
E   AssertionError: preflight renamed an uncaptured replacement source
E   assert False
E    +  where False = is_file()
E    +    where is_file = PosixPath('/tmp/orze-storage-review.boIWWqDg/tests/test_path_replacement_with_sam0/root/.orze-storage-probe-5cd98b6c9bd9d0a246f6cbce0a83dac3/case-00/source').is_file</failure></testcase><testcase classname="tests.test_storage_preflight_review" name="test_cleanup_retains_untracked_entry_inside_original_probe" time="0.097" /><testcase classname="tests.test_storage_preflight_review" name="test_deployment_role_route_refuses_intermediate_symlink_before_creating_locks" time="0.001" /><testcase classname="tests.test_storage_preflight_review" name="test_real_existing_effect_owner_prevents_archive_creation" time="0.334" /><testcase classname="tests.test_storage_preflight_review" name="test_successful_probe_is_not_permission_when_final_gc_rename_refuses" time="0.350" /><testcase classname="tests.test_storage_preflight_review" name="test_actual_unsupported_role_route_does_not_create_a_role_owner" time="0.013" /></testsuite></testsuites>