<?xml version="1.0" encoding="utf-8"?><testsuites name="pytest tests"><testsuite name="pytest" errors="0" failures="0" skipped="0" tests="91" time="27.470" timestamp="2026-09-12T01:20:05.058322+00:00" hostname="a100-41"><testcase classname="tests.test_cpu_runtime_lease_config" name="test_default_and_shorter_lease_preserve_original_budget_and_action_envelope" time="0.001" /><testcase classname="tests.test_cpu_runtime_lease_config" name="test_explicit_malformed_lease_cannot_disable_or_weaken_default[None]" time="0.001" /><testcase classname="tests.test_cpu_runtime_lease_config" name="test_explicit_malformed_lease_cannot_disable_or_weaken_default[False]" time="0.001" /><testcase classname="tests.test_cpu_runtime_lease_config" name="test_explicit_malformed_lease_cannot_disable_or_weaken_default[0]" time="0.001" /><testcase classname="tests.test_cpu_runtime_lease_config" name="test_explicit_malformed_lease_cannot_disable_or_weaken_default[value3]" time="0.001" /><testcase classname="tests.test_cpu_runtime_lease_config" name="test_explicit_malformed_lease_cannot_disable_or_weaken_default[value4]" time="0.001" /><testcase classname="tests.test_cpu_runtime_lease_config" name="test_explicit_malformed_lease_cannot_disable_or_weaken_default[value5]" time="0.001" /><testcase classname="tests.test_cpu_runtime_lease_config" name="test_explicit_malformed_lease_cannot_disable_or_weaken_default[value6]" time="0.001" /><testcase classname="tests.test_cpu_runtime_lease_config" name="test_explicit_malformed_lease_cannot_disable_or_weaken_default[value7]" time="0.001" /><testcase classname="tests.test_cpu_runtime_lease_config" name="test_explicit_malformed_lease_cannot_disable_or_weaken_default[value8]" time="0.001" /><testcase classname="tests.test_cpu_runtime_lease_config" name="test_explicit_malformed_lease_cannot_disable_or_weaken_default[value9]" time="0.001" /><testcase classname="tests.test_cpu_runtime_lease_config" name="test_explicit_malformed_lease_cannot_disable_or_weaken_default[value10]" time="0.001" /><testcase classname="tests.test_cpu_runtime_lease_config" name="test_explicit_malformed_lease_cannot_disable_or_weaken_default[value11]" time="0.001" /><testcase classname="tests.test_cpu_runtime_lease_config" name="test_normalized_policy_is_fingerprinted_and_cannot_hot_reload" time="0.001" /><testcase classname="tests.test_cpu_runtime_lease_config" name="test_legacy_profile_cannot_silently_ignore_explicit_runtime_lease" time="0.001" /><testcase classname="tests.test_runtime_lease_cli" name="test_foreground_cli_persists_default_or_short_lease_and_settles[False]" time="0.646" /><testcase classname="tests.test_runtime_lease_cli" name="test_foreground_cli_persists_default_or_short_lease_and_settles[True]" time="1.187" /><testcase classname="tests.test_runtime_lease_cli" name="test_lease_exceeding_selected_action_is_rejected_before_reserve_or_claim" time="0.199" /><testcase classname="tests.test_runtime_lease_publication" name="test_default_lease_completes_and_charges_original_envelope" time="0.559" /><testcase classname="tests.test_runtime_lease_publication" name="test_short_lease_autonomously_closes_term_zero_and_escaped_child_without_parent_poll" time="1.865" /><testcase classname="tests.test_runtime_lease_publication" name="test_natural_closure_then_slow_artifact_preparation_expires_without_fake_stop" time="1.861" /><testcase classname="tests.test_runtime_lease_publication" name="test_expiry_after_actual_registration_retains_prepared_effect_without_second_terminal" time="1.935" /><testcase classname="tests.test_runtime_lease_publication" name="test_actual_publication_response_after_deadline_holds_and_fresh_f_cannot_settle[commit]" time="1.921" /><testcase classname="tests.test_runtime_lease_publication" name="test_actual_publication_response_after_deadline_holds_and_fresh_f_cannot_settle[confirm]" time="1.965" /><testcase classname="tests.test_runtime_lease_publication" name="test_owned_supervisor_loss_after_go_remains_hold_after_expiry_and_fresh_claim" time="1.934" /><testcase classname="tests.test_runtime_lease_observation" name="test_real_domain_observation_expiry_preserves_prepared_effect_boundary[interpret]" time="1.351" /><testcase classname="tests.test_runtime_lease_observation" name="test_real_domain_observation_expiry_preserves_prepared_effect_boundary[register]" time="1.235" /><testcase classname="tests.test_runtime_lease_boundaries" name="test_prepare_cannot_renew_the_persisted_descriptor_in_place" time="0.376" /><testcase classname="tests.test_runtime_lease_supervision" name="test_descriptor_strict_types_and_identity[schema-True]" time="0.001" /><testcase classname="tests.test_runtime_lease_supervision" name="test_descriptor_strict_types_and_identity[issued_ns-0.0]" time="0.001" /><testcase classname="tests.test_runtime_lease_supervision" name="test_descriptor_strict_types_and_identity[deadline_ns-True]" time="0.001" /><testcase classname="tests.test_runtime_lease_supervision" name="test_descriptor_strict_types_and_identity[hostname-bad/host]" time="0.001" /><testcase classname="tests.test_runtime_lease_supervision" name="test_descriptor_strict_types_and_identity[boot_id-12345678-1234-1234-1234-123456789ABC]" time="0.001" /><testcase classname="tests.test_runtime_lease_supervision" name="test_descriptor_strict_types_and_identity[deadline_ns-9223372036854775808]" time="0.001" /><testcase classname="tests.test_runtime_lease_supervision" name="test_historical_descriptor_is_detached_and_has_no_clock_or_os_read" time="0.000" /><testcase classname="tests.test_runtime_lease_supervision" name="test_invalid_ttl_never_reads_clock[True]" time="0.000" /><testcase classname="tests.test_runtime_lease_supervision" name="test_invalid_ttl_never_reads_clock[0]" time="0.000" /><testcase classname="tests.test_runtime_lease_supervision" name="test_invalid_ttl_never_reads_clock[nan]" time="0.000" /><testcase classname="tests.test_runtime_lease_supervision" name="test_invalid_ttl_never_reads_clock[1e-12]" time="0.000" /><testcase classname="tests.test_runtime_lease_supervision" name="test_invalid_ttl_never_reads_clock[9223372036854775807]" time="0.000" /><testcase classname="tests.test_runtime_lease_supervision" name="test_capture_floors_float_ns_and_expiry_does_not_disable_clock_reader" time="0.000" /><testcase classname="tests.test_runtime_lease_supervision" name="test_unknown_clock_identity_is_not_known_expiry[boot]" time="0.001" /><testcase classname="tests.test_runtime_lease_supervision" name="test_unknown_clock_identity_is_not_known_expiry[clock_reverse]" time="0.001" /><testcase classname="tests.test_runtime_lease_supervision" name="test_real_v2_normal_closure_binds_detached_descriptor" time="0.074" /><testcase classname="tests.test_runtime_lease_supervision" name="test_real_autonomous_expiry_without_parent_poll_closes_escaped_tree" time="1.218" /><testcase classname="tests.test_runtime_lease_supervision" name="test_real_expired_before_go_is_known_and_still_has_closure" time="0.418" /><testcase classname="tests.test_runtime_lease_supervision" name="test_real_go_crossing_deadline_is_refused_without_protocol_uncertainty" time="0.843" /><testcase classname="tests.test_runtime_lease_supervision" name="test_real_v2_constructor_failure_preserves_fallback_descriptor" time="0.065" /><testcase classname="tests.test_runtime_lease_supervision" name="test_strict_v2_wire_rejects_mutated_real_closure[schema_bool]" time="0.072" /><testcase classname="tests.test_runtime_lease_supervision" name="test_strict_v2_wire_rejects_mutated_real_closure[expired_int]" time="0.072" /><testcase classname="tests.test_runtime_lease_supervision" name="test_strict_v2_wire_rejects_mutated_real_closure[observed_float]" time="0.072" /><testcase classname="tests.test_runtime_lease_supervision" name="test_strict_v2_wire_rejects_mutated_real_closure[descriptor]" time="0.073" /><testcase classname="tests.test_runtime_lease_supervision" name="test_validated_closure_waits_for_exit_without_redundant_stop" time="0.072" /><testcase classname="tests.test_runtime_lease_recovery" name="test_historical_metadata_classifies_expiry_without_current_host_or_clock[authorized]" time="0.001" /><testcase classname="tests.test_runtime_lease_recovery" name="test_historical_metadata_classifies_expiry_without_current_host_or_clock[supervisor_expired]" time="0.001" /><testcase classname="tests.test_runtime_lease_recovery" name="test_historical_metadata_classifies_expiry_without_current_host_or_clock[interpret_expired]" time="0.001" /><testcase classname="tests.test_runtime_lease_recovery" name="test_typed_metadata_rejects_invalid_or_inverted_provenance[lease-schema-True]" time="0.001" /><testcase classname="tests.test_runtime_lease_recovery" name="test_typed_metadata_rejects_invalid_or_inverted_provenance[lease-issued_ns-10.0]" time="0.001" /><testcase classname="tests.test_runtime_lease_recovery" name="test_typed_metadata_rejects_invalid_or_inverted_provenance[lease-deadline_ns-True]" time="0.001" /><testcase classname="tests.test_runtime_lease_recovery" name="test_typed_metadata_rejects_invalid_or_inverted_provenance[lease-deadline_ns-9223372036854775808]" time="0.001" /><testcase classname="tests.test_runtime_lease_recovery" name="test_typed_metadata_rejects_invalid_or_inverted_provenance[lease-clock-CLOCK_MONOTONIC]" time="0.001" /><testcase classname="tests.test_runtime_lease_recovery" name="test_typed_metadata_rejects_invalid_or_inverted_provenance[lease-unexpected-1]" time="0.001" /><testcase classname="tests.test_runtime_lease_recovery" name="test_typed_metadata_rejects_invalid_or_inverted_provenance[ready-schema-True]" time="0.001" /><testcase classname="tests.test_runtime_lease_recovery" name="test_typed_metadata_rejects_invalid_or_inverted_provenance[ready-protocol-orze.linux_subreaper.v1]" time="0.001" /><testcase classname="tests.test_runtime_lease_recovery" name="test_typed_metadata_rejects_invalid_or_inverted_provenance[closure-lease_expired-1]" time="0.001" /><testcase classname="tests.test_runtime_lease_recovery" name="test_typed_metadata_rejects_invalid_or_inverted_provenance[closure-lease_observed_ns-12.0]" time="0.001" /><testcase classname="tests.test_runtime_lease_recovery" name="test_typed_metadata_rejects_invalid_or_inverted_provenance[closure-lease_expired-True]" time="0.001" /><testcase classname="tests.test_runtime_lease_recovery" name="test_typed_metadata_rejects_invalid_or_inverted_provenance[sample-schema-True]" time="0.001" /><testcase classname="tests.test_runtime_lease_recovery" name="test_typed_metadata_rejects_invalid_or_inverted_provenance[sample-observed_ns-True]" time="0.001" /><testcase classname="tests.test_runtime_lease_recovery" name="test_typed_metadata_rejects_invalid_or_inverted_provenance[sample-observed_ns-11]" time="0.001" /><testcase classname="tests.test_runtime_lease_recovery" name="test_typed_metadata_rejects_invalid_or_inverted_provenance[sample-observed_ns-20]" time="0.001" /><testcase classname="tests.test_runtime_lease_recovery" name="test_typed_metadata_rejects_invalid_or_inverted_provenance[sample-status-expired]" time="0.001" /><testcase classname="tests.test_runtime_lease_recovery" name="test_typed_metadata_rejects_invalid_or_inverted_provenance[sample-unexpected-None]" time="0.001" /><testcase classname="tests.test_runtime_lease_recovery" name="test_typed_metadata_rejects_invalid_or_inverted_provenance[terminal-unexpected-even-if-an-effect-plan-repeats-this]" time="0.001" /><testcase classname="tests.test_runtime_lease_recovery" name="test_typed_metadata_rejects_invalid_or_inverted_provenance[terminal-elapsed_wall_seconds-True]" time="0.001" /><testcase classname="tests.test_runtime_lease_recovery" name="test_typed_metadata_rejects_invalid_or_inverted_provenance[terminal-elapsed_wall_seconds-inf]" time="0.001" /><testcase classname="tests.test_runtime_lease_recovery" name="test_typed_metadata_rejects_invalid_or_inverted_provenance[terminal-lifecycle_phase-training]" time="0.001" /><testcase classname="tests.test_runtime_lease_recovery" name="test_typed_metadata_rejects_invalid_or_inverted_provenance[bound-timeout_seconds-1e-09]" time="0.001" /><testcase classname="tests.test_runtime_lease_recovery" name="test_expiry_cannot_claim_normal_outcome_or_publish_results[outcome-completed]" time="0.001" /><testcase classname="tests.test_runtime_lease_recovery" name="test_expiry_cannot_claim_normal_outcome_or_publish_results[reason_code-cpu_action_interrupted]" time="0.001" /><testcase classname="tests.test_runtime_lease_recovery" name="test_expiry_cannot_claim_normal_outcome_or_publish_results[artifact_ids-value2]" time="0.001" /><testcase classname="tests.test_runtime_lease_recovery" name="test_expiry_cannot_claim_normal_outcome_or_publish_results[observation_ids-value3]" time="0.001" /><testcase classname="tests.test_runtime_lease_recovery" name="test_missing_sample_or_new_lease_with_old_protocol_is_not_legacy_compatibility" time="0.000" /><testcase classname="tests.test_runtime_lease_recovery" name="test_historical_envelope_uses_the_same_exact_float_floor_as_lease_capture" time="0.001" /><testcase classname="tests.test_runtime_lease_recovery" name="test_genuine_no_exec_explicit_settlement_keeps_v1_but_refuses_new_lease[False]" time="0.266" /><testcase classname="tests.test_runtime_lease_recovery" name="test_genuine_no_exec_explicit_settlement_keeps_v1_but_refuses_new_lease[True]" time="0.263" /><testcase classname="tests.test_runtime_lease_recovery" name="test_real_v2_confirmed_terminal_crash_recovers_metadata_only[0]" time="1.839" /><testcase classname="tests.test_runtime_lease_recovery" name="test_real_v2_confirmed_terminal_crash_recovers_metadata_only[7]" time="1.818" /><testcase classname="tests.test_runtime_lease_recovery" name="test_real_historical_v1_terminal_recovers_without_upgrade_or_reexecution" time="1.860" /><testcase classname="tests.test_runtime_lease_config_capture" name="test_direct_native_captures_lease_policy_without_rechecking_stop_admission[admission]" time="0.194" /><testcase classname="tests.test_runtime_lease_config_capture" name="test_direct_native_captures_lease_policy_without_rechecking_stop_admission[prepare]" time="0.381" /></testsuite></testsuites>