<?xml version="1.0" encoding="utf-8"?><testsuites name="pytest tests"><testsuite name="pytest" errors="0" failures="0" skipped="0" tests="62" time="35.629" timestamp="2026-09-16T12:46:31.294326+00:00" hostname="a100-41"><testcase classname="tests.test_service_host_product" name="test_watchdog_handoff_keeps_host_and_successor_after_client_exit" time="4.181" /><testcase classname="tests.test_service_host_product" name="test_host_refuses_changed_inputs_without_another_child[source]" time="1.351" /><testcase classname="tests.test_service_host_product" name="test_host_refuses_changed_inputs_without_another_child[service]" time="1.505" /><testcase classname="tests.test_service_host_product" name="test_host_refuses_changed_inputs_without_another_child[wrong_source]" time="1.483" /><testcase classname="tests.test_service_host_product" name="test_initial_child_cannot_execute_after_host_admission_inputs_change" time="0.637" /><testcase classname="tests.test_service_host_product" name="test_unknown_handoff_replays_original_request_through_next_watchdog" time="2.969" /><testcase classname="tests.test_service_host_product" name="test_hosted_watchdog_without_an_owner_ignores_a_planted_pid" time="0.318" /><testcase classname="tests.test_service_host_product" name="test_host_stop_before_initial_go_does_not_initialize_a_controller" time="0.630" /><testcase classname="tests.test_service_host_product" name="test_host_stop_before_successor_go_leaves_grant_unconsumed" time="1.691" /><testcase classname="tests.test_service_host_product" name="test_two_live_projects_keep_separate_controller_and_worker_owners" time="4.855" /><testcase classname="tests.test_service_scoped" name="test_effective_related_units_cannot_escape_selected_project[watchdog_config]" time="0.009" /><testcase classname="tests.test_service_scoped" name="test_effective_related_units_cannot_escape_selected_project[watchdog_pre]" time="0.008" /><testcase classname="tests.test_service_scoped" name="test_effective_related_units_cannot_escape_selected_project[watchdog_pythonpath]" time="0.008" /><testcase classname="tests.test_service_scoped" name="test_effective_related_units_cannot_escape_selected_project[timer_target]" time="0.008" /><testcase classname="tests.test_service_scoped" name="test_effective_related_units_cannot_escape_selected_project[host_stop]" time="0.008" /><testcase classname="tests.test_service_scoped" name="test_effective_related_units_cannot_escape_selected_project[watchdog_stop]" time="0.008" /><testcase classname="tests.test_service_scoped" name="test_effective_related_units_cannot_escape_selected_project[host_post]" time="0.008" /><testcase classname="tests.test_service_scoped" name="test_effective_related_units_cannot_escape_selected_project[missing_watchdog]" time="0.008" /><testcase classname="tests.test_service_scoped" name="test_effective_related_units_cannot_escape_selected_project[missing_timer]" time="0.008" /><testcase classname="tests.test_service_scoped" name="test_effective_drift_blocks_uninstall_manager_mutations[entry]" time="0.009" /><testcase classname="tests.test_service_scoped" name="test_effective_drift_blocks_uninstall_manager_mutations[after_stop]" time="0.014" /><testcase classname="tests.test_service_scoped" name="test_two_installs_have_distinct_owner_timer_and_configuration" time="0.042" /><testcase classname="tests.test_service_scoped" name="test_effective_unit_and_owner_drift_are_rejected[start_other_config]" time="0.013" /><testcase classname="tests.test_service_scoped" name="test_effective_unit_and_owner_drift_are_rejected[pre_other_config]" time="0.013" /><testcase classname="tests.test_service_scoped" name="test_effective_unit_and_owner_drift_are_rejected[killmode]" time="0.013" /><testcase classname="tests.test_service_scoped" name="test_effective_unit_and_owner_drift_are_rejected[type]" time="0.013" /><testcase classname="tests.test_service_scoped" name="test_effective_unit_and_owner_drift_are_rejected[pid]" time="0.013" /><testcase classname="tests.test_service_scoped" name="test_effective_unit_and_owner_drift_are_rejected[cgroup]" time="0.013" /><testcase classname="tests.test_service_scoped" name="test_unit_collision_preserves_all_existing_bytes" time="0.003" /><testcase classname="tests.test_service_scoped" name="test_partial_enable_closes_selected_host_before_disabling" time="0.003" /><testcase classname="tests.test_service_scoped" name="test_status_logs_audit_and_uninstall_select_the_same_project" time="0.036" /><testcase classname="tests.test_service_scoped" name="test_config_collision_and_cron_refusal_precede_manager_calls" time="0.009" /><testcase classname="tests.test_controller_session" name="test_session_closes_real_resources_and_retains_registered_namespace" time="0.402" /><testcase classname="tests.test_controller_session" name="test_pinned_stop_pump_does_not_compete_with_action_writer" time="1.108" /><testcase classname="tests.test_controller_session" name="test_resource_or_binding_uncertainty_never_writes_ack[gpu_close]" time="0.392" /><testcase classname="tests.test_controller_session" name="test_resource_or_binding_uncertainty_never_writes_ack[lake_close]" time="0.392" /><testcase classname="tests.test_controller_session" name="test_resource_or_binding_uncertainty_never_writes_ack[ack_commit]" time="0.403" /><testcase classname="tests.test_controller_session" name="test_resource_or_binding_uncertainty_never_writes_ack[pid_replaced]" time="0.391" /><testcase classname="tests.test_controller_session" name="test_resource_or_binding_uncertainty_never_writes_ack[runtime_changed]" time="0.384" /><testcase classname="tests.test_controller_session" name="test_resource_or_binding_uncertainty_never_writes_ack[request_replaced]" time="0.390" /><testcase classname="tests.test_controller_session" name="test_resource_or_binding_uncertainty_never_writes_ack[cwd_changed]" time="0.372" /><testcase classname="tests.test_controller_session" name="test_resource_or_binding_uncertainty_never_writes_ack[session_holder_changed]" time="0.372" /><testcase classname="tests.test_controller_session" name="test_resource_or_binding_uncertainty_never_writes_ack[gpu_list_changed]" time="0.397" /><testcase classname="tests.test_controller_session" name="test_observer_requires_bound_ack_and_exact_controller_exit[none]" time="0.502" /><testcase classname="tests.test_controller_session" name="test_observer_requires_bound_ack_and_exact_controller_exit[bad_digest]" time="0.502" /><testcase classname="tests.test_controller_session" name="test_observer_requires_bound_ack_and_exact_controller_exit[bad_resource]" time="0.498" /><testcase classname="tests.test_controller_session" name="test_observer_requires_bound_ack_and_exact_controller_exit[changed_request]" time="0.485" /><testcase classname="tests.test_controller_session" name="test_dead_controller_ack_cannot_be_adopted_by_a_fresh_observer" time="0.398" /><testcase classname="tests.test_controller_session" name="test_configuration_changed_after_loading_cannot_register" time="0.292" /><testcase classname="tests.test_controller_session" name="test_observer_rejects_invalid_timeout_without_io[True]" time="0.002" /><testcase classname="tests.test_controller_session" name="test_observer_rejects_invalid_timeout_without_io[0]" time="0.001" /><testcase classname="tests.test_controller_session" name="test_observer_rejects_invalid_timeout_without_io[-1]" time="0.001" /><testcase classname="tests.test_controller_session" name="test_observer_rejects_invalid_timeout_without_io[nan]" time="0.002" /><testcase classname="tests.test_controller_session" name="test_observer_rejects_invalid_timeout_without_io[inf]" time="0.001" /><testcase classname="tests.test_controller_session" name="test_observer_rejects_invalid_timeout_without_io[3601]" time="0.001" /><testcase classname="tests.test_cpu_controller_stop_product" name="test_cpu_registered_natural_exit_closes_budget_and_members[None]" time="0.833" /><testcase classname="tests.test_cpu_controller_stop_product" name="test_cpu_registered_natural_exit_closes_budget_and_members[pass]" time="1.334" /><testcase classname="tests.test_cpu_controller_stop_product" name="test_cpu_registered_stop_closes_worker_and_descendant_before_ack" time="1.452" /><testcase classname="tests.test_cpu_controller_stop_product" name="test_cpu_terminal_without_budget_settlement_cannot_ack" time="1.070" /><testcase classname="tests.test_cpu_controller_stop_product" name="test_cpu_unbound_reservation_without_any_member_cannot_ack" time="0.618" /><testcase classname="tests.test_cpu_controller_stop_product" name="test_cpu_closed_actions_cannot_ack_an_unconfirmed_lake_close" time="1.120" /><testcase classname="tests.test_cpu_controller_stop_product" name="test_cpu_continued_authorization_and_runtime_lease_use_same_stop_proof" time="1.121" /></testsuite></testsuites>