<?xml version="1.0" encoding="utf-8"?><testsuites name="pytest tests"><testsuite name="pytest" errors="0" failures="1" skipped="0" tests="1" time="1.342" timestamp="2026-09-16T12:00:54.008964+00:00" hostname="a100-41"><testcase classname="tests.test_service_host_product" name="test_host_stop_before_initial_go_does_not_initialize_a_controller" time="1.172"><failure message="AssertionError: assert (None == 75)&#10; +  where None = poll()&#10; +    where poll = &lt;Popen: returncode: None args: ['/usr/bin/python3', '-m', 'orze.service.host...&gt;.poll">/hot-data/fsx/workspace/erik/orze-p1-continuation-20260914/orze/tests/test_service_host_product.py:287: in test_host_stop_before_initial_go_does_not_initialize_a_controller
    assert process.poll() == 75 and not (root / 'lake.db').exists()
E   AssertionError: assert (None == 75)
E    +  where None = poll()
E    +    where poll = &lt;Popen: returncode: None args: ['/usr/bin/python3', '-m', 'orze.service.host...&gt;.poll</failure></testcase></testsuite></testsuites>